# Logfile created on Sun May 30 16:27:09 +0200 2010** [Hoptoad] Notifier 2.2.2 ready to catch errors
** [Hoptoad] Notifier 2.2.2 ready to catch errors
  [4;36;1mSQL (0.1ms)[0m   [0;1mSET NAMES 'utf8'[0m
  [4;35;1mSQL (0.1ms)[0m   [0mSET SQL_AUTO_IS_NULL=0[0m
  [4;36;1mSQL (0.4ms)[0m   [0;1mSHOW TABLES[0m
  [4;35;1mSQL (0.4ms)[0m   [0mSELECT version FROM schema_migrations[0m
Migrating to CreatePosts (20100319104404)
Migrating to CreateUsers (20100320062703)
Migrating to CreateUserSessions (20100320084425)
Migrating to AddOriginalArticleLinkToPosts (20100321050903)
Migrating to CreateBodies (20100321112708)
Migrating to CreateTechniques (20100321114722)
Migrating to CreateCategories (20100321122515)
Migrating to CreateQualifications (20100322035659)
Migrating to AddAllToQualifications (20100322090220)
Migrating to CreateLevels (20100322115258)
Migrating to AddLevelIdToQuals (20100322120217)
Migrating to CreateHistories (20100322122400)
Migrating to AddUserIdHistories (20100325073214)
Migrating to AddUserIdToQualifications (20100401111226)
Migrating to CreateSectors (20100402073532)
Migrating to AddSectorIdToHistories (20100402075449)
Migrating to AddBioToUsers (20100406012216)
Migrating to AddHeadshotToUser (20100406023114)
Migrating to AddCertToQuals (20100406035106)
Migrating to AddIdNumbersToUsers (20100406043610)
Migrating to AddPerishableTokenToUsers (20100406105844)
  [4;36;1mSQL (0.5ms)[0m   [0;1mSHOW TABLES[0m
  [4;35;1mSQL (0.2ms)[0m   [0mSELECT version FROM schema_migrations[0m
  [4;36;1mSQL (0.3ms)[0m   [0;1mSHOW TABLES[0m
  [4;35;1mSQL (28.1ms)[0m   [0mSHOW FIELDS FROM `bios`[0m
  [4;36;1mSQL (2.6ms)[0m   [0;1mdescribe `bios`[0m
  [4;35;1mSQL (20.3ms)[0m   [0mSHOW KEYS FROM `bios`[0m
  [4;36;1mSQL (12.1ms)[0m   [0;1mSHOW FIELDS FROM `bodies`[0m
  [4;35;1mSQL (1.4ms)[0m   [0mdescribe `bodies`[0m
  [4;36;1mSQL (0.6ms)[0m   [0;1mSHOW KEYS FROM `bodies`[0m
  [4;35;1mSQL (1.4ms)[0m   [0mSHOW FIELDS FROM `categories`[0m
  [4;36;1mSQL (1.5ms)[0m   [0;1mdescribe `categories`[0m
  [4;35;1mSQL (0.6ms)[0m   [0mSHOW KEYS FROM `categories`[0m
  [4;36;1mSQL (10.3ms)[0m   [0;1mSHOW FIELDS FROM `histories`[0m
  [4;35;1mSQL (1.6ms)[0m   [0mdescribe `histories`[0m
  [4;36;1mSQL (0.3ms)[0m   [0;1mSHOW KEYS FROM `histories`[0m
  [4;35;1mSQL (22.3ms)[0m   [0mSHOW FIELDS FROM `levels`[0m
  [4;36;1mSQL (1.5ms)[0m   [0;1mdescribe `levels`[0m
  [4;35;1mSQL (0.4ms)[0m   [0mSHOW KEYS FROM `levels`[0m
  [4;36;1mSQL (1.9ms)[0m   [0;1mSHOW FIELDS FROM `posts`[0m
  [4;35;1mSQL (1.9ms)[0m   [0mdescribe `posts`[0m
  [4;36;1mSQL (1.0ms)[0m   [0;1mSHOW KEYS FROM `posts`[0m
  [4;35;1mSQL (2.9ms)[0m   [0mSHOW FIELDS FROM `qualifications`[0m
  [4;36;1mSQL (1.7ms)[0m   [0;1mdescribe `qualifications`[0m
  [4;35;1mSQL (0.6ms)[0m   [0mSHOW KEYS FROM `qualifications`[0m
  [4;36;1mSQL (1.3ms)[0m   [0;1mSHOW FIELDS FROM `sectors`[0m
  [4;35;1mSQL (2.4ms)[0m   [0mdescribe `sectors`[0m
  [4;36;1mSQL (0.4ms)[0m   [0;1mSHOW KEYS FROM `sectors`[0m
  [4;35;1mSQL (9.5ms)[0m   [0mSHOW FIELDS FROM `techniques`[0m
  [4;36;1mSQL (1.6ms)[0m   [0;1mdescribe `techniques`[0m
  [4;35;1mSQL (0.5ms)[0m   [0mSHOW KEYS FROM `techniques`[0m
  [4;36;1mSQL (1.5ms)[0m   [0;1mSHOW FIELDS FROM `user_sessions`[0m
  [4;35;1mSQL (1.9ms)[0m   [0mdescribe `user_sessions`[0m
  [4;36;1mSQL (0.5ms)[0m   [0;1mSHOW KEYS FROM `user_sessions`[0m
  [4;35;1mSQL (1.9ms)[0m   [0mSHOW FIELDS FROM `users`[0m
  [4;36;1mSQL (2.6ms)[0m   [0;1mdescribe `users`[0m
  [4;35;1mSQL (0.3ms)[0m   [0mSHOW KEYS FROM `users`[0m
** [Hoptoad] Notifier 2.2.2 ready to catch errors
  [4;36;1mSQL (0.1ms)[0m   [0;1mSET NAMES 'utf8'[0m
  [4;35;1mSQL (0.1ms)[0m   [0mSET SQL_AUTO_IS_NULL=0[0m


Processing InfoController#index (for 127.0.0.1 at 2010-05-30 16:31:31) [GET]
  [4;36;1mPost Load (0.4ms)[0m   [0;1mSELECT * FROM `posts` ORDER BY created_at DESC LIMIT 3[0m
Rendering template within layouts/application
Rendering info/index
  [4;35;1mPost Columns (1.8ms)[0m   [0mSHOW FIELDS FROM `posts`[0m
  [4;36;1mUser Columns (2.5ms)[0m   [0;1mSHOW FIELDS FROM `users`[0m
Rendered layouts/_nav (67.9ms)
Rendered layouts/_flash_message (1.4ms)
Rendered layouts/_admin_nav (1.4ms)
Rendered layouts/_footer (1.9ms)
Completed in 368ms (View: 358, DB: 5) | 200 OK [http://localhost/]
  [4;35;1mSQL (0.1ms)[0m   [0mSET NAMES 'utf8'[0m
  [4;36;1mSQL (0.1ms)[0m   [0;1mSET SQL_AUTO_IS_NULL=0[0m


Processing UsersController#index (for 127.0.0.1 at 2010-05-30 16:31:40) [GET]
  [4;35;1mUser Columns (3.4ms)[0m   [0mSHOW FIELDS FROM `users`[0m
  [4;36;1mUser Load (0.4ms)[0m   [0;1mSELECT * FROM `users` [0m
Rendering template within layouts/application
Rendering users/index
  [4;35;1mHistory Load (0.5ms)[0m   [0mSELECT * FROM `histories` WHERE (`histories`.user_id = 9) [0m
  [4;36;1mHistory Columns (1.6ms)[0m   [0;1mSHOW FIELDS FROM `histories`[0m
  [4;35;1mSector Columns (1.7ms)[0m   [0mSHOW FIELDS FROM `sectors`[0m
  [4;36;1mSector Load (0.2ms)[0m   [0;1mSELECT * FROM `sectors` WHERE (`sectors`.`id` = 4) [0m
  [4;35;1mSector Load (0.2ms)[0m   [0mSELECT * FROM `sectors` WHERE (`sectors`.`id` = 3) [0m
  [4;36;1mHistory Load (0.2ms)[0m   [0;1mSELECT `histories`.id FROM `histories` WHERE (`histories`.user_id = 9) LIMIT 1[0m
  [4;35;1mQualification Load (0.4ms)[0m   [0mSELECT * FROM `qualifications` WHERE (`qualifications`.user_id = 9) [0m
  [4;36;1mQualification Columns (1.7ms)[0m   [0;1mSHOW FIELDS FROM `qualifications`[0m
  [4;35;1mBody Columns (1.6ms)[0m   [0mSHOW FIELDS FROM `bodies`[0m
  [4;36;1mBody Load (9.2ms)[0m   [0;1mSELECT * FROM `bodies` WHERE (`bodies`.`id` = 1) [0m
  [4;35;1mLevel Columns (1.5ms)[0m   [0mSHOW FIELDS FROM `levels`[0m
  [4;36;1mLevel Load (0.2ms)[0m   [0;1mSELECT * FROM `levels` WHERE (`levels`.`id` = 3) [0m
  [4;35;1mTechnique Columns (1.4ms)[0m   [0mSHOW FIELDS FROM `techniques`[0m
  [4;36;1mTechnique Load (1.0ms)[0m   [0;1mSELECT * FROM `techniques` WHERE (`techniques`.`id` = 1) [0m
  [4;35;1mCategory Columns (12.3ms)[0m   [0mSHOW FIELDS FROM `categories`[0m
  [4;36;1mCategory Load (0.3ms)[0m   [0;1mSELECT * FROM `categories` WHERE (`categories`.`id` = 13) [0m
  [4;35;1mCACHE (0.0ms)[0m   [0mSELECT * FROM `bodies` WHERE (`bodies`.`id` = 1) [0m
  [4;36;1mLevel Load (0.3ms)[0m   [0;1mSELECT * FROM `levels` WHERE (`levels`.`id` = 2) [0m
  [4;35;1mCACHE (0.0ms)[0m   [0mSELECT * FROM `techniques` WHERE (`techniques`.`id` = 1) [0m
  [4;36;1mCategory Load (0.2ms)[0m   [0;1mSELECT * FROM `categories` WHERE (`categories`.`id` = 2) [0m
  [4;35;1mCACHE (0.0ms)[0m   [0mSELECT * FROM `bodies` WHERE (`bodies`.`id` = 1) [0m
  [4;36;1mLevel Load (0.2ms)[0m   [0;1mSELECT * FROM `levels` WHERE (`levels`.`id` = 1) [0m
  [4;35;1mCACHE (0.0ms)[0m   [0mSELECT * FROM `techniques` WHERE (`techniques`.`id` = 1) [0m
  [4;36;1mCategory Load (0.2ms)[0m   [0;1mSELECT * FROM `categories` WHERE (`categories`.`id` = 1) [0m
  [4;35;1mHistory Load (0.3ms)[0m   [0mSELECT * FROM `histories` WHERE (`histories`.user_id = 10) [0m
  [4;36;1mCACHE (0.0ms)[0m   [0;1mSELECT * FROM `sectors` WHERE (`sectors`.`id` = 3) [0m
  [4;35;1mCACHE (0.0ms)[0m   [0mSELECT * FROM `sectors` WHERE (`sectors`.`id` = 4) [0m
  [4;36;1mHistory Load (0.3ms)[0m   [0;1mSELECT `histories`.id FROM `histories` WHERE (`histories`.user_id = 10) LIMIT 1[0m
  [4;35;1mQualification Load (0.2ms)[0m   [0mSELECT * FROM `qualifications` WHERE (`qualifications`.user_id = 10) [0m
  [4;36;1mBody Load (0.2ms)[0m   [0;1mSELECT * FROM `bodies` WHERE (`bodies`.`id` = 4) [0m
  [4;35;1mCACHE (0.0ms)[0m   [0mSELECT * FROM `levels` WHERE (`levels`.`id` = 1) [0m
  [4;36;1mCACHE (0.0ms)[0m   [0;1mSELECT * FROM `techniques` WHERE (`techniques`.`id` = 1) [0m
  [4;35;1mCACHE (0.0ms)[0m   [0mSELECT * FROM `categories` WHERE (`categories`.`id` = 2) [0m
  [4;36;1mCACHE (0.0ms)[0m   [0;1mSELECT * FROM `bodies` WHERE (`bodies`.`id` = 1) [0m
  [4;35;1mCACHE (0.0ms)[0m   [0mSELECT * FROM `levels` WHERE (`levels`.`id` = 1) [0m
  [4;36;1mCACHE (0.0ms)[0m   [0;1mSELECT * FROM `techniques` WHERE (`techniques`.`id` = 1) [0m
  [4;35;1mCACHE (0.0ms)[0m   [0mSELECT * FROM `categories` WHERE (`categories`.`id` = 1) [0m
  [4;36;1mCACHE (0.0ms)[0m   [0;1mSELECT * FROM `bodies` WHERE (`bodies`.`id` = 1) [0m
  [4;35;1mCACHE (0.0ms)[0m   [0mSELECT * FROM `levels` WHERE (`levels`.`id` = 1) [0m
  [4;36;1mCACHE (0.0ms)[0m   [0;1mSELECT * FROM `techniques` WHERE (`techniques`.`id` = 1) [0m
  [4;35;1mCACHE (0.0ms)[0m   [0mSELECT * FROM `categories` WHERE (`categories`.`id` = 1) [0m
  [4;36;1mCACHE (0.0ms)[0m   [0;1mSELECT * FROM `bodies` WHERE (`bodies`.`id` = 1) [0m
  [4;35;1mCACHE (0.0ms)[0m   [0mSELECT * FROM `levels` WHERE (`levels`.`id` = 1) [0m
  [4;36;1mCACHE (0.0ms)[0m   [0;1mSELECT * FROM `techniques` WHERE (`techniques`.`id` = 1) [0m
  [4;35;1mCACHE (0.0ms)[0m   [0mSELECT * FROM `categories` WHERE (`categories`.`id` = 1) [0m
  [4;36;1mBody Load (0.2ms)[0m   [0;1mSELECT * FROM `bodies` WHERE (`bodies`.`id` = 2) [0m
  [4;35;1mCACHE (0.0ms)[0m   [0mSELECT * FROM `levels` WHERE (`levels`.`id` = 2) [0m
  [4;36;1mTechnique Load (0.2ms)[0m   [0;1mSELECT * FROM `techniques` WHERE (`techniques`.`id` = 2) [0m
  [4;35;1mCACHE (0.0ms)[0m   [0mSELECT * FROM `categories` WHERE (`categories`.`id` = 1) [0m
  [4;36;1mCACHE (0.0ms)[0m   [0;1mSELECT * FROM `bodies` WHERE (`bodies`.`id` = 2) [0m
  [4;35;1mCACHE (0.0ms)[0m   [0mSELECT * FROM `levels` WHERE (`levels`.`id` = 2) [0m
  [4;36;1mCACHE (0.0ms)[0m   [0;1mSELECT * FROM `techniques` WHERE (`techniques`.`id` = 1) [0m
  [4;35;1mCACHE (0.0ms)[0m   [0mSELECT * FROM `categories` WHERE (`categories`.`id` = 2) [0m
  [4;36;1mCACHE (0.0ms)[0m   [0;1mSELECT * FROM `bodies` WHERE (`bodies`.`id` = 1) [0m
  [4;35;1mCACHE (0.0ms)[0m   [0mSELECT * FROM `levels` WHERE (`levels`.`id` = 1) [0m
  [4;36;1mCACHE (0.0ms)[0m   [0;1mSELECT * FROM `techniques` WHERE (`techniques`.`id` = 1) [0m
  [4;35;1mCACHE (0.0ms)[0m   [0mSELECT * FROM `categories` WHERE (`categories`.`id` = 1) [0m
  [4;36;1mCACHE (0.0ms)[0m   [0;1mSELECT * FROM `bodies` WHERE (`bodies`.`id` = 1) [0m
  [4;35;1mCACHE (0.0ms)[0m   [0mSELECT * FROM `levels` WHERE (`levels`.`id` = 1) [0m
  [4;36;1mTechnique Load (0.2ms)[0m   [0;1mSELECT * FROM `techniques` WHERE (`techniques`.`id` = 10) [0m
  [4;35;1mCategory Load (0.1ms)[0m   [0mSELECT * FROM `categories` WHERE (`categories`.`id` = 22) [0m
  [4;36;1mHistory Load (0.2ms)[0m   [0;1mSELECT * FROM `histories` WHERE (`histories`.user_id = 14) [0m
  [4;35;1mCACHE (0.0ms)[0m   [0mSELECT * FROM `sectors` WHERE (`sectors`.`id` = 3) [0m
  [4;36;1mHistory Load (0.2ms)[0m   [0;1mSELECT `histories`.id FROM `histories` WHERE (`histories`.user_id = 14) LIMIT 1[0m
  [4;35;1mQualification Load (0.2ms)[0m   [0mSELECT * FROM `qualifications` WHERE (`qualifications`.user_id = 14) [0m
  [4;36;1mHistory Load (0.2ms)[0m   [0;1mSELECT * FROM `histories` WHERE (`histories`.user_id = 15) [0m
  [4;35;1mCACHE (0.0ms)[0m   [0mSELECT * FROM `sectors` WHERE (`sectors`.`id` = 3) [0m
  [4;36;1mHistory Load (0.1ms)[0m   [0;1mSELECT `histories`.id FROM `histories` WHERE (`histories`.user_id = 15) LIMIT 1[0m
  [4;35;1mQualification Load (0.2ms)[0m   [0mSELECT * FROM `qualifications` WHERE (`qualifications`.user_id = 15) [0m
Rendered layouts/_nav (4.3ms)
Rendered layouts/_flash_message (0.1ms)
Rendered layouts/_admin_nav (0.1ms)
Rendered layouts/_footer (0.5ms)
Completed in 229ms (View: 175, DB: 42) | 200 OK [http://localhost/users]
** [Hoptoad] Notifier 2.2.2 ready to catch errors
** [Hoptoad] Notifier 2.2.2 ready to catch errors
** [Hoptoad] Notifier 2.2.2 ready to catch errors
** [Hoptoad] Notifier 2.2.2 ready to catch errors
** [Hoptoad] Notifier 2.2.2 ready to catch errors
** [Hoptoad] Notifier 2.2.2 ready to catch errors
  [4;36;1mSQL (0.2ms)[0m   [0;1mSET NAMES 'utf8'[0m
  [4;35;1mSQL (0.1ms)[0m   [0mSET SQL_AUTO_IS_NULL=0[0m


Processing InfoController#index (for 127.0.0.1 at 2010-05-30 17:22:30) [GET]
  [4;36;1mPost Load (0.5ms)[0m   [0;1mSELECT * FROM `posts` ORDER BY created_at DESC LIMIT 3[0m
Rendering template within layouts/application
Rendering info/index
  [4;35;1mPost Columns (25.2ms)[0m   [0mSHOW FIELDS FROM `posts`[0m
  [4;36;1mUser Columns (2.1ms)[0m   [0;1mSHOW FIELDS FROM `users`[0m
Rendered layouts/_nav (27.9ms)
Rendered layouts/_flash_message (0.9ms)
Rendered layouts/_admin_nav (1.0ms)
Rendered layouts/_footer (1.9ms)
Completed in 237ms (View: 203, DB: 28) | 200 OK [http://localhost/]
  [4;35;1mSQL (0.2ms)[0m   [0mSET NAMES 'utf8'[0m
  [4;36;1mSQL (0.1ms)[0m   [0;1mSET SQL_AUTO_IS_NULL=0[0m


Processing SearchesController#index (for 127.0.0.1 at 2010-05-30 17:22:35) [GET]
Rendering template within layouts/application
Rendering searches/index
ERROR: compiling _run_haml_app47views47searches47_panel46haml_locals_object_panel RAISED compile error
/projects/rails_apps/kadako/app/views/searches/_panel.haml:17: syntax error, unexpected kENSURE, expecting $end
Function body:           def _run_haml_app47views47searches47_panel46haml_locals_object_panel(local_assigns)
            old_output_buffer = output_buffer;panel = local_assigns[:panel];object = local_assigns[:object];;begin;extend Haml::Helpers;_hamlout = @haml_buffer = Haml::Buffer.new(@haml_buffer, {:escape_html=>false, :preserve=>["textarea", "pre", "code"], :format=>:xhtml, :attr_wrapper=>"'", :autoclose=>["meta", "img", "link", "br", "hr", "input", "area", "param", "col", "base"], :ugly=>false, :encoding=>nil});_erbout = _hamlout.buffer;__in_erb_template = true;;


_hamlout.push_text("<fieldset>\n  <legend>Search Candidates</legend>\n", 1, false); form_tag searches_url, :html => {:method => :get};




_hamlout.push_text("  <p>\n    <label>Body</label>\n    <br />\n    #{_hamlout.adjust_tabs(1); haml_temp =  select_tag 'body', options_for_select(Body.dropdown, @body)
_hamlout.format_script_false_false_false_false_false_true_false((haml_very_temp = haml_temp; haml_temp = nil; haml_very_temp));}\n", 0, false);




_hamlout.push_text("  </p>\n  <p>\n    <label>Technique</label>\n    <br />\n    #{haml_temp =  select_tag 'technique', options_for_select(Technique.dropdown, @technique)
_hamlout.format_script_false_false_false_false_false_true_false((haml_very_temp = haml_temp; haml_temp = nil; haml_very_temp));}\n  </p>\n", -1, false);end;_hamlout.push_text("</fieldset>\n", -1, false);_erbout;ensure;@haml_buffer = @haml_buffer.upper;end;
          ensure
            self.output_buffer = old_output_buffer
          end
Backtrace: /projects/rails_apps/kadako/app/views/searches/_panel.haml:17:in `compile!'
/opt/local/lib/ruby/gems/1.8/gems/actionpack-2.3.5/lib/action_view/renderable.rb:61:in `compile'
/opt/local/lib/ruby/gems/1.8/gems/actionpack-2.3.5/lib/action_view/renderable.rb:28:in `render'
/opt/local/lib/ruby/gems/1.8/gems/actionpack-2.3.5/lib/action_view/renderable_partial.rb:20:in `render'
/opt/local/lib/ruby/gems/1.8/gems/actionpack-2.3.5/lib/action_controller/benchmarking.rb:26:in `benchmark'
/opt/local/lib/ruby/gems/1.8/gems/activesupport-2.3.5/lib/active_support/core_ext/benchmark.rb:17:in `ms'
/opt/local/lib/ruby/gems/1.8/gems/activesupport-2.3.5/lib/active_support/core_ext/benchmark.rb:10:in `realtime'
/opt/local/lib/ruby/gems/1.8/gems/activesupport-2.3.5/lib/active_support/core_ext/benchmark.rb:17:in `ms'
/opt/local/lib/ruby/gems/1.8/gems/actionpack-2.3.5/lib/action_controller/benchmarking.rb:26:in `benchmark'
/opt/local/lib/ruby/gems/1.8/gems/actionpack-2.3.5/lib/action_view/renderable_partial.rb:19:in `render'
/opt/local/lib/ruby/gems/1.8/gems/actionpack-2.3.5/lib/action_view/template.rb:205:in `render_template'
/opt/local/lib/ruby/gems/1.8/gems/actionpack-2.3.5/lib/action_view/renderable_partial.rb:44:in `render_partial'
/opt/local/lib/ruby/gems/1.8/gems/actionpack-2.3.5/lib/action_view/partials.rb:184:in `render_partial'
/opt/local/lib/ruby/gems/1.8/gems/actionpack-2.3.5/lib/action_view/base.rb:267:in `render_without_haml'
/opt/local/lib/ruby/gems/1.8/gems/haml-2.2.20/lib/haml/helpers/action_view_mods.rb:11:in `render'
/opt/local/lib/ruby/gems/1.8/gems/haml-2.2.20/lib/haml/helpers.rb:96:in `non_haml'
/opt/local/lib/ruby/gems/1.8/gems/haml-2.2.20/lib/haml/helpers/action_view_mods.rb:11:in `render'
/projects/rails_apps/kadako/app/views/searches/index.haml:1:in `_run_haml_app47views47searches47index46haml'
/opt/local/lib/ruby/gems/1.8/gems/actionpack-2.3.5/lib/action_view/renderable.rb:34:in `send'
/opt/local/lib/ruby/gems/1.8/gems/actionpack-2.3.5/lib/action_view/renderable.rb:34:in `render'
/opt/local/lib/ruby/gems/1.8/gems/actionpack-2.3.5/lib/action_view/base.rb:306:in `with_template'
/opt/local/lib/ruby/gems/1.8/gems/actionpack-2.3.5/lib/action_view/renderable.rb:30:in `render'
/opt/local/lib/ruby/gems/1.8/gems/actionpack-2.3.5/lib/action_view/template.rb:205:in `render_template'
/opt/local/lib/ruby/gems/1.8/gems/actionpack-2.3.5/lib/action_view/base.rb:265:in `render_without_haml'
/opt/local/lib/ruby/gems/1.8/gems/haml-2.2.20/lib/haml/helpers/action_view_mods.rb:13:in `render'
/opt/local/lib/ruby/gems/1.8/gems/actionpack-2.3.5/lib/action_view/base.rb:348:in `_render_with_layout'
/opt/local/lib/ruby/gems/1.8/gems/actionpack-2.3.5/lib/action_view/base.rb:262:in `render_without_haml'
/opt/local/lib/ruby/gems/1.8/gems/haml-2.2.20/lib/haml/helpers/action_view_mods.rb:13:in `render'
/opt/local/lib/ruby/gems/1.8/gems/actionpack-2.3.5/lib/action_controller/base.rb:1250:in `render_for_file'
/opt/local/lib/ruby/gems/1.8/gems/actionpack-2.3.5/lib/action_controller/base.rb:945:in `render_without_benchmark'
/opt/local/lib/ruby/gems/1.8/gems/actionpack-2.3.5/lib/action_controller/benchmarking.rb:51:in `render'
/opt/local/lib/ruby/gems/1.8/gems/activesupport-2.3.5/lib/active_support/core_ext/benchmark.rb:17:in `ms'
/opt/local/lib/ruby/gems/1.8/gems/activesupport-2.3.5/lib/active_support/core_ext/benchmark.rb:10:in `realtime'
/opt/local/lib/ruby/gems/1.8/gems/activesupport-2.3.5/lib/active_support/core_ext/benchmark.rb:17:in `ms'
/opt/local/lib/ruby/gems/1.8/gems/actionpack-2.3.5/lib/action_controller/benchmarking.rb:51:in `render'
/opt/local/lib/ruby/gems/1.8/gems/actionpack-2.3.5/lib/action_controller/base.rb:1326:in `default_render'
/opt/local/lib/ruby/gems/1.8/gems/actionpack-2.3.5/lib/action_controller/base.rb:1332:in `perform_action_without_filters'
/opt/local/lib/ruby/gems/1.8/gems/actionpack-2.3.5/lib/action_controller/filters.rb:617:in `call_filters'
/opt/local/lib/ruby/gems/1.8/gems/actionpack-2.3.5/lib/action_controller/filters.rb:610:in `perform_action_without_benchmark'
/opt/local/lib/ruby/gems/1.8/gems/actionpack-2.3.5/lib/action_controller/benchmarking.rb:68:in `perform_action_without_rescue'
/opt/local/lib/ruby/gems/1.8/gems/activesupport-2.3.5/lib/active_support/core_ext/benchmark.rb:17:in `ms'
/opt/local/lib/ruby/gems/1.8/gems/activesupport-2.3.5/lib/active_support/core_ext/benchmark.rb:10:in `realtime'
/opt/local/lib/ruby/gems/1.8/gems/activesupport-2.3.5/lib/active_support/core_ext/benchmark.rb:17:in `ms'
/opt/local/lib/ruby/gems/1.8/gems/actionpack-2.3.5/lib/action_controller/benchmarking.rb:68:in `perform_action_without_rescue'
/opt/local/lib/ruby/gems/1.8/gems/actionpack-2.3.5/lib/action_controller/rescue.rb:160:in `perform_action_without_flash'
/opt/local/lib/ruby/gems/1.8/gems/actionpack-2.3.5/lib/action_controller/flash.rb:146:in `perform_action'
/opt/local/lib/ruby/gems/1.8/gems/actionpack-2.3.5/lib/action_controller/base.rb:532:in `send'
/opt/local/lib/ruby/gems/1.8/gems/actionpack-2.3.5/lib/action_controller/base.rb:532:in `process_without_filters'
/opt/local/lib/ruby/gems/1.8/gems/actionpack-2.3.5/lib/action_controller/filters.rb:606:in `sass_old_process'
/opt/local/lib/ruby/gems/1.8/gems/haml-2.2.20/lib/sass/plugin/rails.rb:20:in `process'
/opt/local/lib/ruby/gems/1.8/gems/actionpack-2.3.5/lib/action_controller/base.rb:391:in `process'
/opt/local/lib/ruby/gems/1.8/gems/actionpack-2.3.5/lib/action_controller/base.rb:386:in `call'
/opt/local/lib/ruby/gems/1.8/gems/actionpack-2.3.5/lib/action_controller/routing/route_set.rb:437:in `call'
/opt/local/lib/ruby/gems/1.8/gems/actionpack-2.3.5/lib/action_controller/dispatcher.rb:87:in `dispatch'
/opt/local/lib/ruby/gems/1.8/gems/actionpack-2.3.5/lib/action_controller/dispatcher.rb:121:in `_call'
/opt/local/lib/ruby/gems/1.8/gems/actionpack-2.3.5/lib/action_controller/dispatcher.rb:130:in `build_middleware_stack'
/opt/local/lib/ruby/gems/1.8/gems/activerecord-2.3.5/lib/active_record/query_cache.rb:29:in `call'
/opt/local/lib/ruby/gems/1.8/gems/activerecord-2.3.5/lib/active_record/query_cache.rb:29:in `call'
/opt/local/lib/ruby/gems/1.8/gems/activerecord-2.3.5/lib/active_record/connection_adapters/abstract/query_cache.rb:34:in `cache'
/opt/local/lib/ruby/gems/1.8/gems/activerecord-2.3.5/lib/active_record/query_cache.rb:9:in `cache'
/opt/local/lib/ruby/gems/1.8/gems/activerecord-2.3.5/lib/active_record/query_cache.rb:28:in `call'
/opt/local/lib/ruby/gems/1.8/gems/activerecord-2.3.5/lib/active_record/connection_adapters/abstract/connection_pool.rb:361:in `call'
/opt/local/lib/ruby/gems/1.8/gems/actionpack-2.3.5/lib/action_controller/string_coercion.rb:25:in `call'
/opt/local/lib/ruby/gems/1.8/gems/rack-1.0.1/lib/rack/head.rb:9:in `call'
/opt/local/lib/ruby/gems/1.8/gems/rack-1.0.1/lib/rack/methodoverride.rb:24:in `call'
/opt/local/lib/ruby/gems/1.8/gems/actionpack-2.3.5/lib/action_controller/params_parser.rb:15:in `call'
/opt/local/lib/ruby/gems/1.8/gems/actionpack-2.3.5/lib/action_controller/session/cookie_store.rb:93:in `call'
/opt/local/lib/ruby/gems/1.8/gems/hoptoad_notifier-2.2.2/lib/hoptoad_notifier/rack.rb:27:in `call'
/opt/local/lib/ruby/gems/1.8/gems/actionpack-2.3.5/lib/action_controller/failsafe.rb:26:in `call'
/opt/local/lib/ruby/gems/1.8/gems/rack-1.0.1/lib/rack/lock.rb:11:in `call'
/opt/local/lib/ruby/gems/1.8/gems/rack-1.0.1/lib/rack/lock.rb:11:in `synchronize'
/opt/local/lib/ruby/gems/1.8/gems/rack-1.0.1/lib/rack/lock.rb:11:in `call'
/opt/local/lib/ruby/gems/1.8/gems/actionpack-2.3.5/lib/action_controller/dispatcher.rb:114:in `call'
/opt/local/lib/ruby/gems/1.8/gems/actionpack-2.3.5/lib/action_controller/reloader.rb:34:in `run'
/opt/local/lib/ruby/gems/1.8/gems/actionpack-2.3.5/lib/action_controller/dispatcher.rb:108:in `call'
/opt/local/lib/ruby/gems/1.8/gems/rails-2.3.5/lib/rails/rack/static.rb:31:in `call'
/opt/local/lib/ruby/gems/1.8/gems/rack-1.0.1/lib/rack/urlmap.rb:46:in `call'
/opt/local/lib/ruby/gems/1.8/gems/rack-1.0.1/lib/rack/urlmap.rb:40:in `each'
/opt/local/lib/ruby/gems/1.8/gems/rack-1.0.1/lib/rack/urlmap.rb:40:in `call'
/opt/local/lib/ruby/gems/1.8/gems/rails-2.3.5/lib/rails/rack/log_tailer.rb:17:in `call'
/opt/local/lib/ruby/gems/1.8/gems/rack-1.0.1/lib/rack/content_length.rb:13:in `call'
/opt/local/lib/ruby/gems/1.8/gems/rack-1.0.1/lib/rack/chunked.rb:15:in `call'
/opt/local/lib/ruby/gems/1.8/gems/rack-1.0.1/lib/rack/handler/mongrel.rb:64:in `process'
/opt/local/lib/ruby/gems/1.8/gems/mongrel-1.1.5/lib/mongrel.rb:159:in `process_client'
/opt/local/lib/ruby/gems/1.8/gems/mongrel-1.1.5/lib/mongrel.rb:158:in `each'
/opt/local/lib/ruby/gems/1.8/gems/mongrel-1.1.5/lib/mongrel.rb:158:in `process_client'
/opt/local/lib/ruby/gems/1.8/gems/mongrel-1.1.5/lib/mongrel.rb:285:in `run'
/opt/local/lib/ruby/gems/1.8/gems/mongrel-1.1.5/lib/mongrel.rb:285:in `initialize'
/opt/local/lib/ruby/gems/1.8/gems/mongrel-1.1.5/lib/mongrel.rb:285:in `new'
/opt/local/lib/ruby/gems/1.8/gems/mongrel-1.1.5/lib/mongrel.rb:285:in `run'
/opt/local/lib/ruby/gems/1.8/gems/mongrel-1.1.5/lib/mongrel.rb:268:in `initialize'
/opt/local/lib/ruby/gems/1.8/gems/mongrel-1.1.5/lib/mongrel.rb:268:in `new'
/opt/local/lib/ruby/gems/1.8/gems/mongrel-1.1.5/lib/mongrel.rb:268:in `run'
/opt/local/lib/ruby/gems/1.8/gems/rack-1.0.1/lib/rack/handler/mongrel.rb:34:in `run'
/opt/local/lib/ruby/gems/1.8/gems/rails-2.3.5/lib/commands/server.rb:111
/opt/local/lib/ruby/site_ruby/1.8/rubygems/custom_require.rb:31:in `gem_original_require'
/opt/local/lib/ruby/site_ruby/1.8/rubygems/custom_require.rb:31:in `require'
script/server:3

ActionView::TemplateError (compile error
/projects/rails_apps/kadako/app/views/searches/_panel.haml:17: syntax error, unexpected kENSURE, expecting $end) on line #17 of app/views/searches/_panel.haml:
14:       %br/
15:       = select_tag 'technique', options_for_select(Technique.dropdown, @technique)
16:     

    app/views/searches/_panel.haml:17:in `compile!'
    haml (2.2.20) lib/haml/helpers/action_view_mods.rb:11:in `render'
    haml (2.2.20) lib/haml/helpers.rb:96:in `non_haml'
    haml (2.2.20) lib/haml/helpers/action_view_mods.rb:11:in `render'
    app/views/searches/index.haml:1:in `_run_haml_app47views47searches47index46haml'
    haml (2.2.20) lib/haml/helpers/action_view_mods.rb:13:in `render'
    haml (2.2.20) lib/haml/helpers/action_view_mods.rb:13:in `render'
    haml (2.2.20) lib/sass/plugin/rails.rb:20:in `process'
    /opt/local/lib/ruby/gems/1.8/gems/hoptoad_notifier-2.2.2/lib/hoptoad_notifier/rack.rb:27:in `call'

Rendered rescues/_trace (121.2ms)
Rendered rescues/_request_and_response (1.6ms)
Rendering rescues/layout (internal_server_error)
  [4;35;1mSQL (0.1ms)[0m   [0mSET NAMES 'utf8'[0m
  [4;36;1mSQL (0.1ms)[0m   [0;1mSET SQL_AUTO_IS_NULL=0[0m


Processing SearchesController#index (for 127.0.0.1 at 2010-05-30 17:23:15) [GET]
Rendering template within layouts/application
Rendering searches/index
  [4;35;1mBody Load (0.4ms)[0m   [0mSELECT * FROM `bodies` [0m
  [4;36;1mBody Columns (1.8ms)[0m   [0;1mSHOW FIELDS FROM `bodies`[0m
  [4;35;1mTechnique Load (1.0ms)[0m   [0mSELECT * FROM `techniques` [0m
  [4;36;1mTechnique Columns (1.5ms)[0m   [0;1mSHOW FIELDS FROM `techniques`[0m
Rendered searches/_panel (24.1ms)
  [4;35;1mUser Columns (3.8ms)[0m   [0mSHOW FIELDS FROM `users`[0m
Rendered layouts/_nav (20.7ms)
Rendered layouts/_flash_message (0.1ms)
Rendered layouts/_admin_nav (0.1ms)
Rendered layouts/_footer (0.4ms)
Completed in 54ms (View: 43, DB: 9) | 200 OK [http://localhost/searches]
  [4;36;1mSQL (0.1ms)[0m   [0;1mSET NAMES 'utf8'[0m
  [4;35;1mSQL (0.1ms)[0m   [0mSET SQL_AUTO_IS_NULL=0[0m


Processing SearchesController#index (for 127.0.0.1 at 2010-05-30 17:24:57) [GET]
Rendering template within layouts/application
Rendering searches/index
  [4;36;1mBody Load (0.4ms)[0m   [0;1mSELECT * FROM `bodies` [0m
  [4;35;1mBody Columns (1.9ms)[0m   [0mSHOW FIELDS FROM `bodies`[0m
  [4;36;1mTechnique Load (0.3ms)[0m   [0;1mSELECT * FROM `techniques` [0m
  [4;35;1mTechnique Columns (2.4ms)[0m   [0mSHOW FIELDS FROM `techniques`[0m

ActionView::TemplateError (undefined method `awesome_button' for #<ActionView::Base:0x25851a4>) on line #20 of app/views/searches/_panel.haml:
17:       
18:       
19:     %p
20:       = awesome_button 'Search'
21:     

    app/views/searches/_panel.haml:20:in `_run_haml_app47views47searches47_panel46haml_locals_object_panel'
    haml (2.2.20) lib/haml/helpers/action_view_mods.rb:142:in `call'
    haml (2.2.20) lib/haml/helpers/action_view_mods.rb:142:in `form_tag'
    haml (2.2.20) lib/haml/helpers.rb:546:in `call'
    haml (2.2.20) lib/haml/helpers.rb:546:in `haml_bind_proc'
    haml (2.2.20) lib/haml/helpers.rb:322:in `call'
    haml (2.2.20) lib/haml/helpers.rb:322:in `capture_haml'
    haml (2.2.20) lib/haml/helpers.rb:524:in `with_haml_buffer'
    haml (2.2.20) lib/haml/helpers.rb:318:in `capture_haml'
    haml (2.2.20) lib/haml/helpers/action_view_mods.rb:88:in `capture'
    haml (2.2.20) lib/haml/helpers/action_view_mods.rb:148:in `form_tag'
    app/views/searches/_panel.haml:4:in `_run_haml_app47views47searches47_panel46haml_locals_object_panel'
    haml (2.2.20) lib/haml/helpers/action_view_mods.rb:11:in `render'
    haml (2.2.20) lib/haml/helpers.rb:96:in `non_haml'
    haml (2.2.20) lib/haml/helpers/action_view_mods.rb:11:in `render'
    app/views/searches/index.haml:1:in `_run_haml_app47views47searches47index46haml'
    haml (2.2.20) lib/haml/helpers/action_view_mods.rb:13:in `render'
    haml (2.2.20) lib/haml/helpers/action_view_mods.rb:13:in `render'
    haml (2.2.20) lib/sass/plugin/rails.rb:20:in `process'
    /opt/local/lib/ruby/gems/1.8/gems/hoptoad_notifier-2.2.2/lib/hoptoad_notifier/rack.rb:27:in `call'

Rendered rescues/_trace (124.4ms)
Rendered rescues/_request_and_response (0.3ms)
Rendering rescues/layout (internal_server_error)
  [4;36;1mSQL (0.2ms)[0m   [0;1mSET NAMES 'utf8'[0m
  [4;35;1mSQL (0.1ms)[0m   [0mSET SQL_AUTO_IS_NULL=0[0m


Processing SearchesController#index (for 127.0.0.1 at 2010-05-30 17:29:28) [GET]
Rendering template within layouts/application
Rendering searches/index
  [4;36;1mBody Load (0.3ms)[0m   [0;1mSELECT * FROM `bodies` [0m
  [4;35;1mBody Columns (216.6ms)[0m   [0mSHOW FIELDS FROM `bodies`[0m
  [4;36;1mTechnique Load (0.4ms)[0m   [0;1mSELECT * FROM `techniques` [0m
  [4;35;1mTechnique Columns (1.5ms)[0m   [0mSHOW FIELDS FROM `techniques`[0m
Rendered searches/_panel (235.7ms)
  [4;36;1mUser Columns (2.5ms)[0m   [0;1mSHOW FIELDS FROM `users`[0m
Rendered layouts/_nav (18.5ms)
Rendered layouts/_flash_message (0.1ms)
Rendered layouts/_admin_nav (0.1ms)
Rendered layouts/_footer (0.4ms)
Completed in 260ms (View: 36, DB: 222) | 200 OK [http://localhost/searches]
  [4;35;1mSQL (0.2ms)[0m   [0mSET NAMES 'utf8'[0m
  [4;36;1mSQL (0.1ms)[0m   [0;1mSET SQL_AUTO_IS_NULL=0[0m


Processing SearchesController#index (for 127.0.0.1 at 2010-05-30 17:31:07) [GET]
Rendering template within layouts/application
Rendering searches/index
  [4;35;1mBody Load (0.3ms)[0m   [0mSELECT * FROM `bodies` [0m
  [4;36;1mBody Columns (1.9ms)[0m   [0;1mSHOW FIELDS FROM `bodies`[0m
  [4;35;1mTechnique Load (0.7ms)[0m   [0mSELECT * FROM `techniques` [0m
  [4;36;1mTechnique Columns (2.3ms)[0m   [0;1mSHOW FIELDS FROM `techniques`[0m
Rendered searches/_panel (23.3ms)
  [4;35;1mUser Columns (2.4ms)[0m   [0mSHOW FIELDS FROM `users`[0m
Rendered layouts/_nav (18.9ms)
Rendered layouts/_flash_message (0.1ms)
Rendered layouts/_admin_nav (0.1ms)
Rendered layouts/_footer (0.4ms)
Completed in 48ms (View: 38, DB: 8) | 200 OK [http://localhost/searches]
  [4;36;1mSQL (0.1ms)[0m   [0;1mSET NAMES 'utf8'[0m
  [4;35;1mSQL (0.1ms)[0m   [0mSET SQL_AUTO_IS_NULL=0[0m


Processing SearchesController#index (for 127.0.0.1 at 2010-05-30 17:31:49) [GET]
Rendering template within layouts/application
Rendering searches/index
  [4;36;1mBody Load (0.4ms)[0m   [0;1mSELECT * FROM `bodies` [0m
  [4;35;1mBody Columns (1.9ms)[0m   [0mSHOW FIELDS FROM `bodies`[0m
  [4;36;1mTechnique Load (0.4ms)[0m   [0;1mSELECT * FROM `techniques` [0m
  [4;35;1mTechnique Columns (2.6ms)[0m   [0mSHOW FIELDS FROM `techniques`[0m
Rendered searches/_panel (23.3ms)
  [4;36;1mUser Columns (2.9ms)[0m   [0;1mSHOW FIELDS FROM `users`[0m
Rendered layouts/_nav (19.4ms)
Rendered layouts/_flash_message (0.1ms)
Rendered layouts/_admin_nav (0.1ms)
Rendered layouts/_footer (0.4ms)
Completed in 52ms (View: 41, DB: 8) | 200 OK [http://localhost/searches]
  [4;35;1mSQL (0.2ms)[0m   [0mSET NAMES 'utf8'[0m
  [4;36;1mSQL (0.1ms)[0m   [0;1mSET SQL_AUTO_IS_NULL=0[0m


Processing SearchesController#index (for 127.0.0.1 at 2010-05-30 17:32:14) [GET]
Rendering template within layouts/application
Rendering searches/index
  [4;35;1mBody Load (0.4ms)[0m   [0mSELECT * FROM `bodies` [0m
  [4;36;1mBody Columns (1.9ms)[0m   [0;1mSHOW FIELDS FROM `bodies`[0m
  [4;35;1mTechnique Load (0.3ms)[0m   [0mSELECT * FROM `techniques` [0m
  [4;36;1mTechnique Columns (4.7ms)[0m   [0;1mSHOW FIELDS FROM `techniques`[0m
Rendered searches/_panel (25.0ms)
  [4;35;1mUser Columns (2.3ms)[0m   [0mSHOW FIELDS FROM `users`[0m
Rendered layouts/_nav (20.6ms)
Rendered layouts/_flash_message (0.1ms)
Rendered layouts/_admin_nav (0.1ms)
Rendered layouts/_footer (0.4ms)
Completed in 52ms (View: 40, DB: 10) | 200 OK [http://localhost/searches]
  [4;36;1mSQL (0.2ms)[0m   [0;1mSET NAMES 'utf8'[0m
  [4;35;1mSQL (0.1ms)[0m   [0mSET SQL_AUTO_IS_NULL=0[0m


Processing SearchesController#index (for 127.0.0.1 at 2010-05-30 17:32:34) [GET]
Rendering template within layouts/application
Rendering searches/index
  [4;36;1mBody Load (0.5ms)[0m   [0;1mSELECT * FROM `bodies` [0m
  [4;35;1mBody Columns (1.9ms)[0m   [0mSHOW FIELDS FROM `bodies`[0m
  [4;36;1mTechnique Load (0.4ms)[0m   [0;1mSELECT * FROM `techniques` [0m
  [4;35;1mTechnique Columns (3.0ms)[0m   [0mSHOW FIELDS FROM `techniques`[0m
Rendered searches/_panel (21.6ms)
  [4;36;1mUser Columns (2.7ms)[0m   [0;1mSHOW FIELDS FROM `users`[0m
Rendered layouts/_nav (17.5ms)
Rendered layouts/_flash_message (0.1ms)
Rendered layouts/_admin_nav (0.1ms)
Rendered layouts/_footer (0.4ms)
Completed in 45ms (View: 34, DB: 9) | 200 OK [http://localhost/searches]
  [4;35;1mSQL (0.1ms)[0m   [0mSET NAMES 'utf8'[0m
  [4;36;1mSQL (0.1ms)[0m   [0;1mSET SQL_AUTO_IS_NULL=0[0m


Processing SearchesController#index (for 127.0.0.1 at 2010-05-30 17:32:36) [GET]
Rendering template within layouts/application
Rendering searches/index
  [4;35;1mBody Load (0.3ms)[0m   [0mSELECT * FROM `bodies` [0m
  [4;36;1mBody Columns (1.9ms)[0m   [0;1mSHOW FIELDS FROM `bodies`[0m
  [4;35;1mTechnique Load (0.3ms)[0m   [0mSELECT * FROM `techniques` [0m
  [4;36;1mTechnique Columns (3.5ms)[0m   [0;1mSHOW FIELDS FROM `techniques`[0m
Rendered searches/_panel (23.9ms)
  [4;35;1mUser Columns (2.1ms)[0m   [0mSHOW FIELDS FROM `users`[0m
Rendered layouts/_nav (21.5ms)
Rendered layouts/_flash_message (0.1ms)
Rendered layouts/_admin_nav (0.1ms)
Rendered layouts/_footer (0.4ms)
Completed in 52ms (View: 41, DB: 8) | 200 OK [http://localhost/searches]
  [4;36;1mSQL (0.2ms)[0m   [0;1mSET NAMES 'utf8'[0m
  [4;35;1mSQL (0.1ms)[0m   [0mSET SQL_AUTO_IS_NULL=0[0m


Processing SearchesController#index (for 127.0.0.1 at 2010-05-30 17:32:40) [GET]
Rendering template within layouts/application
Rendering searches/index
  [4;36;1mBody Load (0.4ms)[0m   [0;1mSELECT * FROM `bodies` [0m
  [4;35;1mBody Columns (3.0ms)[0m   [0mSHOW FIELDS FROM `bodies`[0m
  [4;36;1mTechnique Load (0.3ms)[0m   [0;1mSELECT * FROM `techniques` [0m
  [4;35;1mTechnique Columns (1.2ms)[0m   [0mSHOW FIELDS FROM `techniques`[0m
Rendered searches/_panel (21.1ms)
  [4;36;1mUser Columns (5.1ms)[0m   [0;1mSHOW FIELDS FROM `users`[0m
Rendered layouts/_nav (21.2ms)
Rendered layouts/_flash_message (0.1ms)
Rendered layouts/_admin_nav (0.1ms)
Rendered layouts/_footer (0.4ms)
Completed in 48ms (View: 36, DB: 10) | 200 OK [http://localhost/searches]
  [4;35;1mSQL (0.3ms)[0m   [0mSET NAMES 'utf8'[0m
  [4;36;1mSQL (0.1ms)[0m   [0;1mSET SQL_AUTO_IS_NULL=0[0m


Processing SearchesController#create (for 127.0.0.1 at 2010-05-30 17:33:19) [POST]
  Parameters: {"body"=>"1", "authenticity_token"=>"olzPDyFF+FH5slqc/vLiLFgN9oWOleNIljdg/RvZyzA=", "technique"=>"6"}

ActionController::UnknownAction (No action responded to create. Actions: index):
  haml (2.2.20) lib/sass/plugin/rails.rb:20:in `process'
  /opt/local/lib/ruby/gems/1.8/gems/hoptoad_notifier-2.2.2/lib/hoptoad_notifier/rack.rb:27:in `call'

Rendering rescues/layout (not_found)
  [4;35;1mSQL (0.1ms)[0m   [0mSET NAMES 'utf8'[0m
  [4;36;1mSQL (0.1ms)[0m   [0;1mSET SQL_AUTO_IS_NULL=0[0m


Processing SearchesController#index (for 127.0.0.1 at 2010-05-30 17:34:11) [GET]
Rendering template within layouts/application
Rendering searches/index
  [4;35;1mBody Load (0.4ms)[0m   [0mSELECT * FROM `bodies` [0m
  [4;36;1mBody Columns (3.2ms)[0m   [0;1mSHOW FIELDS FROM `bodies`[0m
  [4;35;1mTechnique Load (1.5ms)[0m   [0mSELECT * FROM `techniques` [0m
  [4;36;1mTechnique Columns (1.4ms)[0m   [0;1mSHOW FIELDS FROM `techniques`[0m
Rendered searches/_panel (23.5ms)
  [4;35;1mUser Columns (3.0ms)[0m   [0mSHOW FIELDS FROM `users`[0m
Rendered layouts/_nav (19.3ms)
Rendered layouts/_flash_message (0.1ms)
Rendered layouts/_admin_nav (0.1ms)
Rendered layouts/_footer (0.4ms)
Completed in 52ms (View: 40, DB: 10) | 200 OK [http://localhost/searches]
  [4;36;1mSQL (0.2ms)[0m   [0;1mSET NAMES 'utf8'[0m
  [4;35;1mSQL (0.1ms)[0m   [0mSET SQL_AUTO_IS_NULL=0[0m


Processing SearchesController#index (for 127.0.0.1 at 2010-05-30 17:34:16) [GET]
Rendering template within layouts/application
Rendering searches/index
  [4;36;1mBody Load (0.3ms)[0m   [0;1mSELECT * FROM `bodies` [0m
  [4;35;1mBody Columns (394.8ms)[0m   [0mSHOW FIELDS FROM `bodies`[0m
  [4;36;1mTechnique Load (0.3ms)[0m   [0;1mSELECT * FROM `techniques` [0m
  [4;35;1mTechnique Columns (1.4ms)[0m   [0mSHOW FIELDS FROM `techniques`[0m
Rendered searches/_panel (417.7ms)
  [4;36;1mUser Columns (2.7ms)[0m   [0;1mSHOW FIELDS FROM `users`[0m
Rendered layouts/_nav (18.9ms)
Rendered layouts/_flash_message (0.2ms)
Rendered layouts/_admin_nav (0.1ms)
Rendered layouts/_footer (0.4ms)
Completed in 444ms (View: 41, DB: 400) | 200 OK [http://localhost/searches]
  [4;35;1mSQL (0.1ms)[0m   [0mSET NAMES 'utf8'[0m
  [4;36;1mSQL (0.1ms)[0m   [0;1mSET SQL_AUTO_IS_NULL=0[0m


Processing SearchesController#index (for 127.0.0.1 at 2010-05-30 17:34:18) [GET]
  Parameters: {"body"=>"", "technique"=>""}
Rendering template within layouts/application
Rendering searches/index
  [4;35;1mBody Load (0.3ms)[0m   [0mSELECT * FROM `bodies` [0m
  [4;36;1mBody Columns (2.0ms)[0m   [0;1mSHOW FIELDS FROM `bodies`[0m
  [4;35;1mTechnique Load (0.3ms)[0m   [0mSELECT * FROM `techniques` [0m
  [4;36;1mTechnique Columns (3.2ms)[0m   [0;1mSHOW FIELDS FROM `techniques`[0m
Rendered searches/_panel (21.2ms)
  [4;35;1mUser Columns (3.1ms)[0m   [0mSHOW FIELDS FROM `users`[0m
Rendered layouts/_nav (20.3ms)
Rendered layouts/_flash_message (0.1ms)
Rendered layouts/_admin_nav (0.1ms)
Rendered layouts/_footer (0.4ms)
Completed in 47ms (View: 36, DB: 9) | 200 OK [http://localhost/searches?body=&technique=]
  [4;36;1mSQL (0.1ms)[0m   [0;1mSET NAMES 'utf8'[0m
  [4;35;1mSQL (0.1ms)[0m   [0mSET SQL_AUTO_IS_NULL=0[0m


Processing SearchesController#index (for 127.0.0.1 at 2010-05-30 17:39:42) [GET]
  Parameters: {"body"=>"", "technique"=>""}
Rendering template within layouts/application
Rendering searches/index
  [4;36;1mBody Load (0.3ms)[0m   [0;1mSELECT * FROM `bodies` [0m
  [4;35;1mBody Columns (2.3ms)[0m   [0mSHOW FIELDS FROM `bodies`[0m
  [4;36;1mTechnique Load (0.8ms)[0m   [0;1mSELECT * FROM `techniques` [0m
  [4;35;1mTechnique Columns (1.7ms)[0m   [0mSHOW FIELDS FROM `techniques`[0m
Rendered searches/_panel (22.7ms)
  [4;36;1mUser Columns (2.8ms)[0m   [0;1mSHOW FIELDS FROM `users`[0m
Rendered layouts/_nav (19.2ms)
Rendered layouts/_flash_message (0.1ms)
Rendered layouts/_admin_nav (0.1ms)
Rendered layouts/_footer (0.4ms)
Completed in 48ms (View: 37, DB: 8) | 200 OK [http://localhost/searches?body=&technique=]
  [4;35;1mSQL (0.1ms)[0m   [0mSET NAMES 'utf8'[0m
  [4;36;1mSQL (0.1ms)[0m   [0;1mSET SQL_AUTO_IS_NULL=0[0m


Processing SearchesController#index (for 127.0.0.1 at 2010-05-30 17:40:16) [GET]
  Parameters: {"body"=>"", "technique"=>""}
Rendering template within layouts/application
Rendering searches/index
  [4;35;1mBody Load (0.4ms)[0m   [0mSELECT * FROM `bodies` [0m
  [4;36;1mBody Columns (1.9ms)[0m   [0;1mSHOW FIELDS FROM `bodies`[0m
  [4;35;1mTechnique Load (0.3ms)[0m   [0mSELECT * FROM `techniques` [0m
  [4;36;1mTechnique Columns (3.0ms)[0m   [0;1mSHOW FIELDS FROM `techniques`[0m
Rendered searches/_panel (20.4ms)
  [4;35;1mUser Columns (3.6ms)[0m   [0mSHOW FIELDS FROM `users`[0m
Rendered layouts/_nav (18.6ms)
Rendered layouts/_flash_message (0.4ms)
Rendered layouts/_admin_nav (0.1ms)
Rendered layouts/_footer (0.4ms)
Completed in 45ms (View: 33, DB: 9) | 200 OK [http://localhost/searches?body=&technique=]
  [4;36;1mSQL (0.2ms)[0m   [0;1mSET NAMES 'utf8'[0m
  [4;35;1mSQL (0.1ms)[0m   [0mSET SQL_AUTO_IS_NULL=0[0m


Processing SearchesController#index (for 127.0.0.1 at 2010-05-30 17:40:28) [GET]
  Parameters: {"body"=>"", "technique"=>""}
Rendering template within layouts/application
Rendering searches/index
  [4;36;1mBody Load (0.4ms)[0m   [0;1mSELECT * FROM `bodies` [0m
  [4;35;1mBody Columns (1.6ms)[0m   [0mSHOW FIELDS FROM `bodies`[0m
  [4;36;1mTechnique Load (0.3ms)[0m   [0;1mSELECT * FROM `techniques` [0m
  [4;35;1mTechnique Columns (1.3ms)[0m   [0mSHOW FIELDS FROM `techniques`[0m
Rendered searches/_panel (16.9ms)
  [4;36;1mUser Columns (2.3ms)[0m   [0;1mSHOW FIELDS FROM `users`[0m
Rendered layouts/_nav (18.9ms)
Rendered layouts/_flash_message (0.2ms)
Rendered layouts/_admin_nav (0.1ms)
Rendered layouts/_footer (0.4ms)
Completed in 42ms (View: 34, DB: 6) | 200 OK [http://localhost/searches?body=&technique=]
  [4;35;1mSQL (0.1ms)[0m   [0mSET NAMES 'utf8'[0m
  [4;36;1mSQL (0.1ms)[0m   [0;1mSET SQL_AUTO_IS_NULL=0[0m


Processing SearchesController#index (for 127.0.0.1 at 2010-05-30 18:32:21) [GET]
  Parameters: {"body"=>"", "technique"=>""}

NoMethodError (undefined method `find' for Search:Class):
  app/controllers/searches_controller.rb:4:in `index'
  haml (2.2.20) lib/sass/plugin/rails.rb:20:in `process'
  /opt/local/lib/ruby/gems/1.8/gems/hoptoad_notifier-2.2.2/lib/hoptoad_notifier/rack.rb:27:in `call'

Rendered rescues/_trace (32.7ms)
Rendered rescues/_request_and_response (0.4ms)
Rendering rescues/layout (internal_server_error)
  [4;35;1mSQL (0.1ms)[0m   [0mSET NAMES 'utf8'[0m
  [4;36;1mSQL (0.1ms)[0m   [0;1mSET SQL_AUTO_IS_NULL=0[0m


Processing SearchesController#index (for 127.0.0.1 at 2010-05-30 18:32:39) [GET]
  Parameters: {"body"=>"", "technique"=>""}
Rendering template within layouts/application
Rendering searches/index
  [4;35;1mBody Load (0.4ms)[0m   [0mSELECT * FROM `bodies` [0m
  [4;36;1mBody Columns (1.9ms)[0m   [0;1mSHOW FIELDS FROM `bodies`[0m
  [4;35;1mTechnique Load (1.0ms)[0m   [0mSELECT * FROM `techniques` [0m
  [4;36;1mTechnique Columns (4.0ms)[0m   [0;1mSHOW FIELDS FROM `techniques`[0m
Rendered searches/_panel (28.5ms)
Rendered searches/_results (1.1ms)
  [4;35;1mUser Columns (2.7ms)[0m   [0mSHOW FIELDS FROM `users`[0m
Rendered layouts/_nav (19.8ms)
Rendered layouts/_flash_message (0.1ms)
Rendered layouts/_admin_nav (0.1ms)
Rendered layouts/_footer (0.4ms)
Completed in 69ms (View: 53, DB: 10) | 200 OK [http://localhost/searches?body=&technique=]
  [4;36;1mSQL (0.1ms)[0m   [0;1mSET NAMES 'utf8'[0m
  [4;35;1mSQL (0.1ms)[0m   [0mSET SQL_AUTO_IS_NULL=0[0m


Processing SearchesController#index (for 127.0.0.1 at 2010-05-30 18:33:51) [GET]
  Parameters: {"body"=>"", "technique"=>""}
  [4;36;1mUser Columns (2.5ms)[0m   [0;1mSHOW FIELDS FROM `users`[0m
  [4;35;1mUser Load (0.4ms)[0m   [0mSELECT * FROM `users` [0m
Rendering template within layouts/application
Rendering searches/index
  [4;36;1mBody Load (0.3ms)[0m   [0;1mSELECT * FROM `bodies` [0m
  [4;35;1mBody Columns (1.9ms)[0m   [0mSHOW FIELDS FROM `bodies`[0m
  [4;36;1mTechnique Load (0.4ms)[0m   [0;1mSELECT * FROM `techniques` [0m
  [4;35;1mTechnique Columns (1.5ms)[0m   [0mSHOW FIELDS FROM `techniques`[0m
Rendered searches/_panel (24.8ms)
Rendered searches/_results (24.2ms)
Rendered layouts/_nav (4.4ms)
Rendered layouts/_flash_message (0.1ms)
Rendered layouts/_admin_nav (0.1ms)
Rendered layouts/_footer (0.4ms)
Completed in 147ms (View: 55, DB: 7) | 200 OK [http://localhost/searches?body=&technique=]
  [4;36;1mSQL (0.1ms)[0m   [0;1mSET NAMES 'utf8'[0m
  [4;35;1mSQL (0.1ms)[0m   [0mSET SQL_AUTO_IS_NULL=0[0m


Processing SearchesController#index (for 127.0.0.1 at 2010-05-30 18:33:57) [GET]
  Parameters: {"body"=>"2", "technique"=>""}
  [4;36;1mBody Columns (1.9ms)[0m   [0;1mSHOW FIELDS FROM `bodies`[0m
  [4;35;1mBody Load (0.3ms)[0m   [0mSELECT * FROM `bodies` WHERE (`bodies`.`name` = '2') LIMIT 1[0m

NoMethodError (undefined method `users' for nil:NilClass):
  app/models/search.rb:10:in `find'
  app/controllers/searches_controller.rb:4:in `index'
  haml (2.2.20) lib/sass/plugin/rails.rb:20:in `process'
  /opt/local/lib/ruby/gems/1.8/gems/hoptoad_notifier-2.2.2/lib/hoptoad_notifier/rack.rb:27:in `call'

Rendered rescues/_trace (111.3ms)
Rendered rescues/_request_and_response (0.3ms)
Rendering rescues/layout (internal_server_error)
  [4;36;1mSQL (0.1ms)[0m   [0;1mSET NAMES 'utf8'[0m
  [4;35;1mSQL (0.1ms)[0m   [0mSET SQL_AUTO_IS_NULL=0[0m


Processing SearchesController#index (for 127.0.0.1 at 2010-05-30 18:34:56) [GET]
  Parameters: {"body"=>"2", "technique"=>""}
  [4;36;1mBody Columns (2.0ms)[0m   [0;1mSHOW FIELDS FROM `bodies`[0m
  [4;35;1mBody Load (0.3ms)[0m   [0mSELECT * FROM `bodies` WHERE (`bodies`.`name` = '2') LIMIT 1[0m

NoMethodError (undefined method `users' for nil:NilClass):
  app/models/search.rb:12:in `find'
  app/controllers/searches_controller.rb:4:in `index'
  haml (2.2.20) lib/sass/plugin/rails.rb:20:in `process'
  /opt/local/lib/ruby/gems/1.8/gems/hoptoad_notifier-2.2.2/lib/hoptoad_notifier/rack.rb:27:in `call'

Rendered rescues/_trace (36.2ms)
Rendered rescues/_request_and_response (0.3ms)
Rendering rescues/layout (internal_server_error)
  [4;36;1mSQL (0.1ms)[0m   [0;1mSET NAMES 'utf8'[0m
  [4;35;1mSQL (0.1ms)[0m   [0mSET SQL_AUTO_IS_NULL=0[0m


Processing SearchesController#index (for 127.0.0.1 at 2010-05-30 18:37:25) [GET]
  Parameters: {"body"=>"2", "technique"=>""}
  [4;36;1mBody Load (0.3ms)[0m   [0;1mSELECT * FROM `bodies` WHERE (`bodies`.`id` = 2) [0m
  [4;35;1mUser Columns (3.6ms)[0m   [0mSHOW FIELDS FROM `users`[0m
  [4;36;1mSQL (0.5ms)[0m   [0;1mSELECT count(*) AS count_all FROM `users` INNER JOIN `qualifications` ON `users`.id = `qualifications`.user_id WHERE ((`qualifications`.body_id = 2)) [0m
  [4;35;1mUser Load (0.4ms)[0m   [0mSELECT `users`.* FROM `users` INNER JOIN `qualifications` ON `users`.id = `qualifications`.user_id WHERE ((`qualifications`.body_id = 2)) [0m
Rendering template within layouts/application
Rendering searches/index
  [4;36;1mBody Load (0.3ms)[0m   [0;1mSELECT * FROM `bodies` [0m
  [4;35;1mTechnique Load (0.4ms)[0m   [0mSELECT * FROM `techniques` [0m
  [4;36;1mTechnique Columns (1.5ms)[0m   [0;1mSHOW FIELDS FROM `techniques`[0m
Rendered searches/_panel (8.8ms)
Rendered searches/_results (15.3ms)
Rendered layouts/_nav (4.7ms)
Rendered layouts/_flash_message (0.3ms)
Rendered layouts/_admin_nav (0.1ms)
Rendered layouts/_footer (0.4ms)
Completed in 68ms (View: 35, DB: 7) | 200 OK [http://localhost/searches?body=2&technique=]
  [4;35;1mSQL (0.1ms)[0m   [0mSET NAMES 'utf8'[0m
  [4;36;1mSQL (0.2ms)[0m   [0;1mSET SQL_AUTO_IS_NULL=0[0m


Processing SearchesController#index (for 127.0.0.1 at 2010-05-30 18:37:32) [GET]
  Parameters: {"body"=>"1", "technique"=>""}
  [4;35;1mBody Load (0.4ms)[0m   [0mSELECT * FROM `bodies` WHERE (`bodies`.`id` = 1) [0m

TypeError (can't dup NilClass):
  app/models/search.rb:17:in `find'
  app/controllers/searches_controller.rb:6:in `index'
  haml (2.2.20) lib/sass/plugin/rails.rb:20:in `process'
  /opt/local/lib/ruby/gems/1.8/gems/hoptoad_notifier-2.2.2/lib/hoptoad_notifier/rack.rb:27:in `call'

Rendered rescues/_trace (112.6ms)
Rendered rescues/_request_and_response (0.3ms)
Rendering rescues/layout (internal_server_error)
  [4;36;1mSQL (0.1ms)[0m   [0;1mSET NAMES 'utf8'[0m
  [4;35;1mSQL (0.1ms)[0m   [0mSET SQL_AUTO_IS_NULL=0[0m


Processing SearchesController#index (for 127.0.0.1 at 2010-05-30 18:37:50) [GET]
  Parameters: {"body"=>"", "technique"=>""}
  [4;36;1mUser Columns (148.4ms)[0m   [0;1mSHOW FIELDS FROM `users`[0m
  [4;35;1mUser Load (0.5ms)[0m   [0mSELECT * FROM `users` [0m
Rendering template within layouts/application
Rendering searches/index
  [4;36;1mBody Load (0.2ms)[0m   [0;1mSELECT * FROM `bodies` [0m
  [4;35;1mTechnique Load (0.2ms)[0m   [0mSELECT * FROM `techniques` [0m
Rendered searches/_panel (2.9ms)
Rendered searches/_results (21.4ms)
Rendered layouts/_nav (78.4ms)
Rendered layouts/_flash_message (0.1ms)
Rendered layouts/_admin_nav (0.1ms)
Rendered layouts/_footer (0.4ms)
Completed in 274ms (View: 106, DB: 149) | 200 OK [http://localhost/searches?body=&technique=]
  [4;36;1mSQL (0.2ms)[0m   [0;1mSET NAMES 'utf8'[0m
  [4;35;1mSQL (0.1ms)[0m   [0mSET SQL_AUTO_IS_NULL=0[0m


Processing SearchesController#index (for 127.0.0.1 at 2010-05-30 18:37:58) [GET]
  Parameters: {"body"=>"2", "technique"=>""}
  [4;36;1mBody Load (0.4ms)[0m   [0;1mSELECT * FROM `bodies` WHERE (`bodies`.`id` = 2) [0m

TypeError (can't dup NilClass):
  app/models/search.rb:17:in `find'
  app/controllers/searches_controller.rb:6:in `index'
  haml (2.2.20) lib/sass/plugin/rails.rb:20:in `process'
  /opt/local/lib/ruby/gems/1.8/gems/hoptoad_notifier-2.2.2/lib/hoptoad_notifier/rack.rb:27:in `call'

Rendered rescues/_trace (38.4ms)
Rendered rescues/_request_and_response (0.3ms)
Rendering rescues/layout (internal_server_error)
  [4;35;1mSQL (0.2ms)[0m   [0mSET NAMES 'utf8'[0m
  [4;36;1mSQL (0.1ms)[0m   [0;1mSET SQL_AUTO_IS_NULL=0[0m


Processing SearchesController#index (for 127.0.0.1 at 2010-05-30 18:40:00) [GET]
  Parameters: {"body"=>"2", "technique"=>""}
  [4;35;1mBody Load (0.3ms)[0m   [0mSELECT * FROM `bodies` WHERE (`bodies`.`id` = 2) [0m

TypeError (can't dup NilClass):
  app/models/search.rb:17:in `find'
  app/controllers/searches_controller.rb:6:in `index'
  haml (2.2.20) lib/sass/plugin/rails.rb:20:in `process'
  /opt/local/lib/ruby/gems/1.8/gems/hoptoad_notifier-2.2.2/lib/hoptoad_notifier/rack.rb:27:in `call'

Rendered rescues/_trace (120.7ms)
Rendered rescues/_request_and_response (0.4ms)
Rendering rescues/layout (internal_server_error)
  [4;36;1mSQL (0.1ms)[0m   [0;1mSET NAMES 'utf8'[0m
  [4;35;1mSQL (0.1ms)[0m   [0mSET SQL_AUTO_IS_NULL=0[0m


Processing SearchesController#index (for 127.0.0.1 at 2010-05-30 18:40:09) [GET]
  [4;36;1mUser Columns (417.9ms)[0m   [0;1mSHOW FIELDS FROM `users`[0m
  [4;35;1mUser Load (0.4ms)[0m   [0mSELECT * FROM `users` [0m
Rendering template within layouts/application
Rendering searches/index
  [4;36;1mBody Load (0.5ms)[0m   [0;1mSELECT * FROM `bodies` [0m
  [4;35;1mTechnique Load (0.2ms)[0m   [0mSELECT * FROM `techniques` [0m
Rendered searches/_panel (3.5ms)
Rendered searches/_results (96.3ms)
Rendered layouts/_nav (4.4ms)
Rendered layouts/_flash_message (0.1ms)
Rendered layouts/_admin_nav (0.1ms)
Rendered layouts/_footer (0.4ms)
Completed in 545ms (View: 107, DB: 419) | 200 OK [http://localhost/searches]
  [4;36;1mSQL (0.1ms)[0m   [0;1mSET NAMES 'utf8'[0m
  [4;35;1mSQL (0.1ms)[0m   [0mSET SQL_AUTO_IS_NULL=0[0m


Processing SearchesController#index (for 127.0.0.1 at 2010-05-30 18:40:12) [GET]
  Parameters: {"body"=>"", "technique"=>""}
  [4;36;1mUser Columns (2.6ms)[0m   [0;1mSHOW FIELDS FROM `users`[0m
  [4;35;1mUser Load (0.5ms)[0m   [0mSELECT * FROM `users` [0m
Rendering template within layouts/application
Rendering searches/index
  [4;36;1mBody Load (0.3ms)[0m   [0;1mSELECT * FROM `bodies` [0m
  [4;35;1mTechnique Load (0.2ms)[0m   [0mSELECT * FROM `techniques` [0m
Rendered searches/_panel (3.3ms)
Rendered searches/_results (21.5ms)
Rendered layouts/_nav (4.1ms)
Rendered layouts/_flash_message (0.1ms)
Rendered layouts/_admin_nav (0.1ms)
Rendered layouts/_footer (0.4ms)
Completed in 52ms (View: 33, DB: 4) | 200 OK [http://localhost/searches?body=&technique=]
  [4;36;1mSQL (0.1ms)[0m   [0;1mSET NAMES 'utf8'[0m
  [4;35;1mSQL (0.1ms)[0m   [0mSET SQL_AUTO_IS_NULL=0[0m


Processing SearchesController#index (for 127.0.0.1 at 2010-05-30 18:40:24) [GET]
  [4;36;1mUser Columns (153.6ms)[0m   [0;1mSHOW FIELDS FROM `users`[0m
  [4;35;1mUser Load (0.4ms)[0m   [0mSELECT * FROM `users` [0m
Rendering template within layouts/application
Rendering searches/index
  [4;36;1mBody Load (0.3ms)[0m   [0;1mSELECT * FROM `bodies` [0m
  [4;35;1mTechnique Load (0.2ms)[0m   [0mSELECT * FROM `techniques` [0m
Rendered searches/_panel (3.2ms)
Rendered searches/_results (31.4ms)
Rendered layouts/_nav (6.4ms)
Rendered layouts/_flash_message (0.1ms)
Rendered layouts/_admin_nav (0.1ms)
Rendered layouts/_footer (0.5ms)
Completed in 220ms (View: 45, DB: 155) | 200 OK [http://localhost/searches]
  [4;36;1mSQL (0.2ms)[0m   [0;1mSET NAMES 'utf8'[0m
  [4;35;1mSQL (0.2ms)[0m   [0mSET SQL_AUTO_IS_NULL=0[0m


Processing SearchesController#index (for 127.0.0.1 at 2010-05-30 18:41:07) [GET]
Rendering template within layouts/application
Rendering searches/index
  [4;36;1mBody Load (0.3ms)[0m   [0;1mSELECT * FROM `bodies` [0m
  [4;35;1mTechnique Load (0.2ms)[0m   [0mSELECT * FROM `techniques` [0m
Rendered searches/_panel (3.0ms)
Rendered searches/_results (0.3ms)
  [4;36;1mUser Columns (3.6ms)[0m   [0;1mSHOW FIELDS FROM `users`[0m
Rendered layouts/_nav (22.2ms)
Rendered layouts/_flash_message (0.1ms)
Rendered layouts/_admin_nav (0.1ms)
Rendered layouts/_footer (0.4ms)
Completed in 31ms (View: 25, DB: 4) | 200 OK [http://localhost/searches]
  [4;35;1mSQL (0.2ms)[0m   [0mSET NAMES 'utf8'[0m
  [4;36;1mSQL (0.1ms)[0m   [0;1mSET SQL_AUTO_IS_NULL=0[0m


Processing SearchesController#index (for 127.0.0.1 at 2010-05-30 18:41:14) [GET]
  Parameters: {"body"=>"", "technique"=>"6"}
  [4;35;1mTechnique Load (0.3ms)[0m   [0mSELECT * FROM `techniques` WHERE (`techniques`.`id` = 6) [0m
  [4;36;1mUser Columns (3.6ms)[0m   [0;1mSHOW FIELDS FROM `users`[0m
  [4;35;1mUser Load (0.5ms)[0m   [0mSELECT `users`.* FROM `users` INNER JOIN `qualifications` ON `users`.id = `qualifications`.user_id WHERE ((`qualifications`.technique_id = 6)) [0m
Rendering template within layouts/application
Rendering searches/index
  [4;36;1mBody Load (0.3ms)[0m   [0;1mSELECT * FROM `bodies` [0m
  [4;35;1mTechnique Load (0.2ms)[0m   [0mSELECT * FROM `techniques` [0m
Rendered searches/_panel (3.5ms)
Rendered searches/_results (0.3ms)
Rendered layouts/_nav (5.6ms)
Rendered layouts/_flash_message (0.1ms)
Rendered layouts/_admin_nav (0.1ms)
Rendered layouts/_footer (0.4ms)
Completed in 43ms (View: 13, DB: 5) | 200 OK [http://localhost/searches?body=&technique=6]
  [4;36;1mSQL (0.1ms)[0m   [0;1mSET NAMES 'utf8'[0m
  [4;35;1mSQL (0.1ms)[0m   [0mSET SQL_AUTO_IS_NULL=0[0m


Processing SearchesController#index (for 127.0.0.1 at 2010-05-30 18:41:19) [GET]
  Parameters: {"body"=>"", "technique"=>"12"}
  [4;36;1mTechnique Load (0.4ms)[0m   [0;1mSELECT * FROM `techniques` WHERE (`techniques`.`id` = 12) [0m

TypeError (can't dup NilClass):
  app/models/search.rb:22:in `+'
  app/models/search.rb:22:in `find'
  app/controllers/searches_controller.rb:7:in `index'
  haml (2.2.20) lib/sass/plugin/rails.rb:20:in `process'
  /opt/local/lib/ruby/gems/1.8/gems/hoptoad_notifier-2.2.2/lib/hoptoad_notifier/rack.rb:27:in `call'

Rendered rescues/_trace (37.1ms)
Rendered rescues/_request_and_response (0.4ms)
Rendering rescues/layout (internal_server_error)
  [4;35;1mSQL (0.2ms)[0m   [0mSET NAMES 'utf8'[0m
  [4;36;1mSQL (0.1ms)[0m   [0;1mSET SQL_AUTO_IS_NULL=0[0m


Processing SearchesController#index (for 127.0.0.1 at 2010-05-30 18:48:17) [GET]
  Parameters: {"body"=>"", "technique"=>"12"}
  [4;35;1mTechnique Load (0.3ms)[0m   [0mSELECT * FROM `techniques` WHERE (`techniques`.`id` = 12) [0m
Rendering template within layouts/application
Rendering searches/index
  [4;36;1mBody Load (0.2ms)[0m   [0;1mSELECT * FROM `bodies` [0m
  [4;35;1mTechnique Load (0.2ms)[0m   [0mSELECT * FROM `techniques` [0m
Rendered searches/_panel (3.0ms)
Rendered searches/_results (0.3ms)
  [4;36;1mUser Columns (42.3ms)[0m   [0;1mSHOW FIELDS FROM `users`[0m
Rendered layouts/_nav (61.2ms)
Rendered layouts/_flash_message (0.1ms)
Rendered layouts/_admin_nav (0.1ms)
Rendered layouts/_footer (0.4ms)
Completed in 74ms (View: 25, DB: 43) | 200 OK [http://localhost/searches?body=&technique=12]
  [4;35;1mSQL (0.1ms)[0m   [0mSET NAMES 'utf8'[0m
  [4;36;1mSQL (0.1ms)[0m   [0;1mSET SQL_AUTO_IS_NULL=0[0m


Processing SearchesController#index (for 127.0.0.1 at 2010-05-30 18:48:19) [GET]
  Parameters: {"body"=>"", "technique"=>""}
  [4;35;1mUser Columns (3.6ms)[0m   [0mSHOW FIELDS FROM `users`[0m
  [4;36;1mUser Load (0.4ms)[0m   [0;1mSELECT * FROM `users` [0m
Rendering template within layouts/application
Rendering searches/index
  [4;35;1mBody Load (0.2ms)[0m   [0mSELECT * FROM `bodies` [0m
  [4;36;1mTechnique Load (0.2ms)[0m   [0;1mSELECT * FROM `techniques` [0m
Rendered searches/_panel (2.9ms)
Rendered searches/_results (94.5ms)
Rendered layouts/_nav (4.4ms)
Rendered layouts/_flash_message (0.1ms)
Rendered layouts/_admin_nav (0.1ms)
Rendered layouts/_footer (0.4ms)
Completed in 129ms (View: 105, DB: 5) | 200 OK [http://localhost/searches?body=&technique=]
  [4;35;1mSQL (0.1ms)[0m   [0mSET NAMES 'utf8'[0m
  [4;36;1mSQL (0.1ms)[0m   [0;1mSET SQL_AUTO_IS_NULL=0[0m


Processing SearchesController#index (for 127.0.0.1 at 2010-05-30 18:48:25) [GET]
  Parameters: {"body"=>"", "technique"=>"10"}
  [4;35;1mTechnique Load (0.4ms)[0m   [0mSELECT * FROM `techniques` WHERE (`techniques`.`id` = 10) [0m
Rendering template within layouts/application
Rendering searches/index
  [4;36;1mBody Load (0.2ms)[0m   [0;1mSELECT * FROM `bodies` [0m
  [4;35;1mTechnique Load (0.2ms)[0m   [0mSELECT * FROM `techniques` [0m
Rendered searches/_panel (3.0ms)
Rendered searches/_results (0.3ms)
  [4;36;1mUser Columns (5.0ms)[0m   [0;1mSHOW FIELDS FROM `users`[0m
Rendered layouts/_nav (22.5ms)
Rendered layouts/_flash_message (0.1ms)
Rendered layouts/_admin_nav (0.1ms)
Rendered layouts/_footer (0.4ms)
Completed in 35ms (View: 24, DB: 6) | 200 OK [http://localhost/searches?body=&technique=10]
  [4;35;1mSQL (0.2ms)[0m   [0mSET NAMES 'utf8'[0m
  [4;36;1mSQL (0.1ms)[0m   [0;1mSET SQL_AUTO_IS_NULL=0[0m


Processing SearchesController#index (for 127.0.0.1 at 2010-05-30 18:48:28) [GET]
  Parameters: {"body"=>"", "technique"=>"12"}
  [4;35;1mTechnique Load (0.5ms)[0m   [0mSELECT * FROM `techniques` WHERE (`techniques`.`id` = 12) [0m
Rendering template within layouts/application
Rendering searches/index
  [4;36;1mBody Load (0.2ms)[0m   [0;1mSELECT * FROM `bodies` [0m
  [4;35;1mTechnique Load (0.2ms)[0m   [0mSELECT * FROM `techniques` [0m
Rendered searches/_panel (2.8ms)
Rendered searches/_results (0.2ms)
  [4;36;1mUser Columns (3.3ms)[0m   [0;1mSHOW FIELDS FROM `users`[0m
Rendered layouts/_nav (24.1ms)
Rendered layouts/_flash_message (0.2ms)
Rendered layouts/_admin_nav (0.1ms)
Rendered layouts/_footer (0.5ms)
Completed in 109ms (View: 100, DB: 4) | 200 OK [http://localhost/searches?body=&technique=12]
  [4;35;1mSQL (0.1ms)[0m   [0mSET NAMES 'utf8'[0m
  [4;36;1mSQL (0.1ms)[0m   [0;1mSET SQL_AUTO_IS_NULL=0[0m


Processing SearchesController#index (for 127.0.0.1 at 2010-05-30 18:48:31) [GET]
  Parameters: {"body"=>"", "technique"=>"16"}
  [4;35;1mTechnique Load (0.3ms)[0m   [0mSELECT * FROM `techniques` WHERE (`techniques`.`id` = 16) [0m
Rendering template within layouts/application
Rendering searches/index
  [4;36;1mBody Load (0.2ms)[0m   [0;1mSELECT * FROM `bodies` [0m
  [4;35;1mTechnique Load (0.2ms)[0m   [0mSELECT * FROM `techniques` [0m
Rendered searches/_panel (3.1ms)
Rendered searches/_results (0.3ms)
  [4;36;1mUser Columns (2.8ms)[0m   [0;1mSHOW FIELDS FROM `users`[0m
Rendered layouts/_nav (20.9ms)
Rendered layouts/_flash_message (0.1ms)
Rendered layouts/_admin_nav (0.1ms)
Rendered layouts/_footer (0.4ms)
Completed in 33ms (View: 24, DB: 4) | 200 OK [http://localhost/searches?body=&technique=16]
  [4;35;1mSQL (0.1ms)[0m   [0mSET NAMES 'utf8'[0m
  [4;36;1mSQL (0.2ms)[0m   [0;1mSET SQL_AUTO_IS_NULL=0[0m


Processing SearchesController#index (for 127.0.0.1 at 2010-05-30 18:48:53) [GET]
  Parameters: {"body"=>"2", "technique"=>""}
  [4;35;1mBody Load (0.3ms)[0m   [0mSELECT * FROM `bodies` WHERE (`bodies`.`id` = 2) [0m

TypeError (can't dup NilClass):
  app/models/search.rb:17:in `find'
  app/controllers/searches_controller.rb:7:in `index'
  haml (2.2.20) lib/sass/plugin/rails.rb:20:in `process'
  /opt/local/lib/ruby/gems/1.8/gems/hoptoad_notifier-2.2.2/lib/hoptoad_notifier/rack.rb:27:in `call'

Rendered rescues/_trace (37.3ms)
Rendered rescues/_request_and_response (0.3ms)
Rendering rescues/layout (internal_server_error)
  [4;36;1mSQL (0.1ms)[0m   [0;1mSET NAMES 'utf8'[0m
  [4;35;1mSQL (0.1ms)[0m   [0mSET SQL_AUTO_IS_NULL=0[0m


Processing SearchesController#index (for 127.0.0.1 at 2010-05-30 18:49:14) [GET]
  Parameters: {"body"=>"2", "technique"=>""}
  [4;36;1mBody Load (0.3ms)[0m   [0;1mSELECT * FROM `bodies` WHERE (`bodies`.`id` = 2) [0m

TypeError (can't dup NilClass):
  app/models/search.rb:17:in `find'
  app/controllers/searches_controller.rb:7:in `index'
  haml (2.2.20) lib/sass/plugin/rails.rb:20:in `process'
  /opt/local/lib/ruby/gems/1.8/gems/hoptoad_notifier-2.2.2/lib/hoptoad_notifier/rack.rb:27:in `call'

Rendered rescues/_trace (39.5ms)
Rendered rescues/_request_and_response (0.4ms)
Rendering rescues/layout (internal_server_error)
  [4;35;1mSQL (0.1ms)[0m   [0mSET NAMES 'utf8'[0m
  [4;36;1mSQL (0.1ms)[0m   [0;1mSET SQL_AUTO_IS_NULL=0[0m


Processing SearchesController#index (for 127.0.0.1 at 2010-05-30 18:50:31) [GET]
  Parameters: {"body"=>"2", "technique"=>""}
  [4;35;1mBody Load (0.3ms)[0m   [0mSELECT * FROM `bodies` WHERE (`bodies`.`id` = 2) [0m

TypeError (can't dup NilClass):
  app/models/search.rb:23:in `find'
  app/controllers/searches_controller.rb:7:in `index'
  haml (2.2.20) lib/sass/plugin/rails.rb:20:in `process'
  /opt/local/lib/ruby/gems/1.8/gems/hoptoad_notifier-2.2.2/lib/hoptoad_notifier/rack.rb:27:in `call'

Rendered rescues/_trace (121.1ms)
Rendered rescues/_request_and_response (0.4ms)
Rendering rescues/layout (internal_server_error)
  [4;36;1mSQL (0.1ms)[0m   [0;1mSET NAMES 'utf8'[0m
  [4;35;1mSQL (0.1ms)[0m   [0mSET SQL_AUTO_IS_NULL=0[0m


Processing SearchesController#index (for 127.0.0.1 at 2010-05-30 18:51:44) [GET]
  Parameters: {"body"=>"2", "technique"=>""}
  [4;36;1mBody Load (0.3ms)[0m   [0;1mSELECT * FROM `bodies` WHERE (`bodies`.`id` = 2) [0m

TypeError (can't dup NilClass):
  app/models/search.rb:12:in `puts'
  app/models/search.rb:12:in `find'
  app/controllers/searches_controller.rb:7:in `index'
  haml (2.2.20) lib/sass/plugin/rails.rb:20:in `process'
  /opt/local/lib/ruby/gems/1.8/gems/hoptoad_notifier-2.2.2/lib/hoptoad_notifier/rack.rb:27:in `call'

Rendered rescues/_trace (37.1ms)
Rendered rescues/_request_and_response (0.3ms)
Rendering rescues/layout (internal_server_error)
** [Hoptoad] Notifier 2.2.2 ready to catch errors
  [4;36;1mSQL (0.1ms)[0m   [0;1mSET NAMES 'utf8'[0m
  [4;35;1mSQL (0.1ms)[0m   [0mSET SQL_AUTO_IS_NULL=0[0m


Processing SearchesController#index (for 127.0.0.1 at 2010-05-30 18:52:45) [GET]
  Parameters: {"body"=>"2", "technique"=>""}
  [4;36;1mBody Columns (2.1ms)[0m   [0;1mSHOW FIELDS FROM `bodies`[0m
  [4;35;1mBody Load (0.3ms)[0m   [0mSELECT * FROM `bodies` WHERE (`bodies`.`id` = 2) [0m
  [4;36;1mUser Columns (2.4ms)[0m   [0;1mSHOW FIELDS FROM `users`[0m
  [4;35;1mUser Load (0.5ms)[0m   [0mSELECT `users`.* FROM `users` INNER JOIN `qualifications` ON `users`.id = `qualifications`.user_id WHERE ((`qualifications`.body_id = 2)) [0m
Rendering template within layouts/application
Rendering searches/index
  [4;36;1mBody Load (0.3ms)[0m   [0;1mSELECT * FROM `bodies` [0m
  [4;35;1mTechnique Load (0.3ms)[0m   [0mSELECT * FROM `techniques` [0m
  [4;36;1mTechnique Columns (1.4ms)[0m   [0;1mSHOW FIELDS FROM `techniques`[0m
Rendered searches/_panel (13.3ms)
Rendered searches/_results (0.9ms)
Rendered layouts/_nav (8.6ms)
Rendered layouts/_flash_message (1.0ms)
Rendered layouts/_admin_nav (0.9ms)
Rendered layouts/_footer (1.8ms)
Completed in 216ms (View: 118, DB: 8) | 200 OK [http://localhost/searches?body=2&technique=]
  [4;35;1mSQL (0.1ms)[0m   [0mSET NAMES 'utf8'[0m
  [4;36;1mSQL (0.1ms)[0m   [0;1mSET SQL_AUTO_IS_NULL=0[0m


Processing SearchesController#index (for 127.0.0.1 at 2010-05-30 18:52:48) [GET]
  Parameters: {"body"=>"", "technique"=>""}
  [4;35;1mUser Columns (2.4ms)[0m   [0mSHOW FIELDS FROM `users`[0m
  [4;36;1mUser Load (2.9ms)[0m   [0;1mSELECT * FROM `users` [0m
Rendering template within layouts/application
Rendering searches/index
  [4;35;1mBody Load (0.3ms)[0m   [0mSELECT * FROM `bodies` [0m
  [4;36;1mBody Columns (1.5ms)[0m   [0;1mSHOW FIELDS FROM `bodies`[0m
  [4;35;1mTechnique Load (0.4ms)[0m   [0mSELECT * FROM `techniques` [0m
  [4;36;1mTechnique Columns (1.4ms)[0m   [0;1mSHOW FIELDS FROM `techniques`[0m
Rendered searches/_panel (18.2ms)
Rendered searches/_results (97.0ms)
Rendered layouts/_nav (4.7ms)
Rendered layouts/_flash_message (0.1ms)
Rendered layouts/_admin_nav (0.1ms)
Rendered layouts/_footer (0.4ms)
Completed in 147ms (View: 120, DB: 9) | 200 OK [http://localhost/searches?body=&technique=]
  [4;35;1mSQL (0.2ms)[0m   [0mSET NAMES 'utf8'[0m
  [4;36;1mSQL (0.1ms)[0m   [0;1mSET SQL_AUTO_IS_NULL=0[0m


Processing SearchesController#index (for 127.0.0.1 at 2010-05-30 18:52:52) [GET]
  Parameters: {"body"=>"2", "technique"=>""}
  [4;35;1mBody Columns (1.7ms)[0m   [0mSHOW FIELDS FROM `bodies`[0m
  [4;36;1mBody Load (0.2ms)[0m   [0;1mSELECT * FROM `bodies` WHERE (`bodies`.`id` = 2) [0m
  [4;35;1mUser Columns (3.7ms)[0m   [0mSHOW FIELDS FROM `users`[0m
  [4;36;1mUser Load (0.5ms)[0m   [0;1mSELECT `users`.* FROM `users` INNER JOIN `qualifications` ON `users`.id = `qualifications`.user_id WHERE ((`qualifications`.body_id = 2)) [0m
Rendering template within layouts/application
Rendering searches/index
  [4;35;1mBody Load (0.3ms)[0m   [0mSELECT * FROM `bodies` [0m
  [4;36;1mTechnique Load (0.3ms)[0m   [0;1mSELECT * FROM `techniques` [0m
  [4;35;1mTechnique Columns (1.8ms)[0m   [0mSHOW FIELDS FROM `techniques`[0m
Rendered searches/_panel (12.7ms)
Rendered searches/_results (0.4ms)
Rendered layouts/_nav (6.2ms)
Rendered layouts/_flash_message (0.1ms)
Rendered layouts/_admin_nav (0.1ms)
Rendered layouts/_footer (0.4ms)
Completed in 58ms (View: 21, DB: 9) | 200 OK [http://localhost/searches?body=2&technique=]
  [4;36;1mSQL (0.2ms)[0m   [0;1mSET NAMES 'utf8'[0m
  [4;35;1mSQL (0.1ms)[0m   [0mSET SQL_AUTO_IS_NULL=0[0m


Processing SearchesController#index (for 127.0.0.1 at 2010-05-30 18:52:55) [GET]
  Parameters: {"body"=>"", "technique"=>"7"}
  [4;36;1mTechnique Columns (2.0ms)[0m   [0;1mSHOW FIELDS FROM `techniques`[0m
  [4;35;1mTechnique Load (0.3ms)[0m   [0mSELECT * FROM `techniques` WHERE (`techniques`.`id` = 7) [0m
Rendering template within layouts/application
Rendering searches/index
  [4;36;1mBody Load (0.3ms)[0m   [0;1mSELECT * FROM `bodies` [0m
  [4;35;1mBody Columns (2.1ms)[0m   [0mSHOW FIELDS FROM `bodies`[0m
  [4;36;1mTechnique Load (0.3ms)[0m   [0;1mSELECT * FROM `techniques` [0m
Rendered searches/_panel (88.5ms)
Rendered searches/_results (0.3ms)
  [4;35;1mUser Columns (3.4ms)[0m   [0mSHOW FIELDS FROM `users`[0m
Rendered layouts/_nav (25.4ms)
Rendered layouts/_flash_message (0.2ms)
Rendered layouts/_admin_nav (0.1ms)
Rendered layouts/_footer (0.5ms)
Completed in 136ms (View: 112, DB: 9) | 200 OK [http://localhost/searches?body=&technique=7]
  [4;36;1mSQL (0.1ms)[0m   [0;1mSET NAMES 'utf8'[0m
  [4;35;1mSQL (0.1ms)[0m   [0mSET SQL_AUTO_IS_NULL=0[0m


Processing SearchesController#index (for 127.0.0.1 at 2010-05-30 18:52:59) [GET]
  Parameters: {"body"=>"", "technique"=>"11"}
  [4;36;1mTechnique Columns (2.0ms)[0m   [0;1mSHOW FIELDS FROM `techniques`[0m
  [4;35;1mTechnique Load (0.3ms)[0m   [0mSELECT * FROM `techniques` WHERE (`techniques`.`id` = 11) [0m
Rendering template within layouts/application
Rendering searches/index
  [4;36;1mBody Load (0.4ms)[0m   [0;1mSELECT * FROM `bodies` [0m
  [4;35;1mBody Columns (2.6ms)[0m   [0mSHOW FIELDS FROM `bodies`[0m
  [4;36;1mTechnique Load (0.3ms)[0m   [0;1mSELECT * FROM `techniques` [0m
Rendered searches/_panel (17.2ms)
Rendered searches/_results (0.3ms)
  [4;35;1mUser Columns (2.2ms)[0m   [0mSHOW FIELDS FROM `users`[0m
Rendered layouts/_nav (20.2ms)
Rendered layouts/_flash_message (0.1ms)
Rendered layouts/_admin_nav (0.1ms)
Rendered layouts/_footer (0.4ms)
Completed in 65ms (View: 36, DB: 8) | 200 OK [http://localhost/searches?body=&technique=11]
  [4;36;1mSQL (0.2ms)[0m   [0;1mSET NAMES 'utf8'[0m
  [4;35;1mSQL (0.1ms)[0m   [0mSET SQL_AUTO_IS_NULL=0[0m


Processing SearchesController#index (for 127.0.0.1 at 2010-05-30 18:53:02) [GET]
  Parameters: {"body"=>"", "technique"=>""}
  [4;36;1mUser Columns (3.4ms)[0m   [0;1mSHOW FIELDS FROM `users`[0m
  [4;35;1mUser Load (0.4ms)[0m   [0mSELECT * FROM `users` [0m
Rendering template within layouts/application
Rendering searches/index
  [4;36;1mBody Load (0.3ms)[0m   [0;1mSELECT * FROM `bodies` [0m
  [4;35;1mBody Columns (1.9ms)[0m   [0mSHOW FIELDS FROM `bodies`[0m
  [4;36;1mTechnique Load (0.4ms)[0m   [0;1mSELECT * FROM `techniques` [0m
  [4;35;1mTechnique Columns (1.9ms)[0m   [0mSHOW FIELDS FROM `techniques`[0m
Rendered searches/_panel (103.2ms)
Rendered searches/_results (36.4ms)
Rendered layouts/_nav (4.3ms)
Rendered layouts/_flash_message (0.1ms)
Rendered layouts/_admin_nav (0.1ms)
Rendered layouts/_footer (0.4ms)
Completed in 171ms (View: 144, DB: 9) | 200 OK [http://localhost/searches?body=&technique=]
** [Hoptoad] Notifier 2.2.2 ready to catch errors
** [Hoptoad] Notifier 2.2.2 ready to catch errors
  [4;36;1mSQL (0.2ms)[0m   [0;1mSET NAMES 'utf8'[0m
  [4;35;1mSQL (0.1ms)[0m   [0mSET SQL_AUTO_IS_NULL=0[0m


Processing SearchesController#index (for 127.0.0.1 at 2010-05-30 18:54:44) [GET]
  Parameters: {"body"=>"", "technique"=>""}
  [4;36;1mUser Columns (40.3ms)[0m   [0;1mSHOW FIELDS FROM `users`[0m
  [4;35;1mUser Load (0.5ms)[0m   [0mSELECT * FROM `users` [0m
Rendering template within layouts/application
Rendering searches/index
  [4;36;1mBody Load (0.3ms)[0m   [0;1mSELECT * FROM `bodies` [0m
  [4;35;1mBody Columns (1.8ms)[0m   [0mSHOW FIELDS FROM `bodies`[0m
  [4;36;1mTechnique Load (0.4ms)[0m   [0;1mSELECT * FROM `techniques` [0m
  [4;35;1mTechnique Columns (1.5ms)[0m   [0mSHOW FIELDS FROM `techniques`[0m
Rendered searches/_panel (28.1ms)
Rendered searches/_results (84.6ms)
Rendered layouts/_nav (7.3ms)
Rendered layouts/_flash_message (0.9ms)
Rendered layouts/_admin_nav (0.9ms)
Rendered layouts/_footer (1.7ms)
Completed in 234ms (View: 156, DB: 45) | 200 OK [http://localhost/searches?body=&technique=]
  [4;36;1mSQL (0.3ms)[0m   [0;1mSET NAMES 'utf8'[0m
  [4;35;1mSQL (0.1ms)[0m   [0mSET SQL_AUTO_IS_NULL=0[0m


Processing SearchesController#index (for 127.0.0.1 at 2010-05-30 18:54:46) [GET]
  Parameters: {"body"=>"", "technique"=>"6"}
  [4;36;1mTechnique Columns (2.3ms)[0m   [0;1mSHOW FIELDS FROM `techniques`[0m
  [4;35;1mTechnique Load (0.3ms)[0m   [0mSELECT * FROM `techniques` WHERE (`techniques`.`id` = 6) [0m
  [4;36;1mUser Columns (2.3ms)[0m   [0;1mSHOW FIELDS FROM `users`[0m
  [4;35;1mUser Load (0.5ms)[0m   [0mSELECT `users`.* FROM `users` INNER JOIN `qualifications` ON `users`.id = `qualifications`.user_id WHERE ((`qualifications`.technique_id = 6)) [0m
Rendering template within layouts/application
Rendering searches/index
  [4;36;1mBody Load (0.3ms)[0m   [0;1mSELECT * FROM `bodies` [0m
  [4;35;1mBody Columns (1.9ms)[0m   [0mSHOW FIELDS FROM `bodies`[0m
  [4;36;1mTechnique Load (0.3ms)[0m   [0;1mSELECT * FROM `techniques` [0m
Rendered searches/_panel (13.6ms)
Rendered searches/_results (0.3ms)
Rendered layouts/_nav (6.1ms)
Rendered layouts/_flash_message (0.1ms)
Rendered layouts/_admin_nav (0.1ms)
Rendered layouts/_footer (0.5ms)
Completed in 136ms (View: 22, DB: 8) | 200 OK [http://localhost/searches?body=&technique=6]
  [4;35;1mSQL (0.2ms)[0m   [0mSET NAMES 'utf8'[0m
  [4;36;1mSQL (0.1ms)[0m   [0;1mSET SQL_AUTO_IS_NULL=0[0m


Processing SearchesController#index (for 127.0.0.1 at 2010-05-30 18:54:49) [GET]
  Parameters: {"body"=>"4", "technique"=>""}
  [4;35;1mBody Columns (2.0ms)[0m   [0mSHOW FIELDS FROM `bodies`[0m
  [4;36;1mBody Load (0.4ms)[0m   [0;1mSELECT * FROM `bodies` WHERE (`bodies`.`id` = 4) [0m
  [4;35;1mUser Columns (2.7ms)[0m   [0mSHOW FIELDS FROM `users`[0m
  [4;36;1mUser Load (0.5ms)[0m   [0;1mSELECT `users`.* FROM `users` INNER JOIN `qualifications` ON `users`.id = `qualifications`.user_id WHERE ((`qualifications`.body_id = 4)) [0m
Rendering template within layouts/application
Rendering searches/index
  [4;35;1mBody Load (0.3ms)[0m   [0mSELECT * FROM `bodies` [0m
  [4;36;1mTechnique Load (0.3ms)[0m   [0;1mSELECT * FROM `techniques` [0m
  [4;35;1mTechnique Columns (1.4ms)[0m   [0mSHOW FIELDS FROM `techniques`[0m
Rendered searches/_panel (11.3ms)
Rendered searches/_results (4.7ms)
Rendered layouts/_nav (4.8ms)
Rendered layouts/_flash_message (0.1ms)
Rendered layouts/_admin_nav (0.1ms)
Rendered layouts/_footer (0.4ms)
Completed in 62ms (View: 22, DB: 8) | 200 OK [http://localhost/searches?body=4&technique=]
  [4;36;1mSQL (0.2ms)[0m   [0;1mSET NAMES 'utf8'[0m
  [4;35;1mSQL (0.1ms)[0m   [0mSET SQL_AUTO_IS_NULL=0[0m


Processing SearchesController#index (for 127.0.0.1 at 2010-05-30 18:56:12) [GET]
Rendering template within layouts/application
Rendering searches/index
  [4;36;1mBody Load (0.4ms)[0m   [0;1mSELECT * FROM `bodies` [0m
  [4;35;1mBody Columns (1.9ms)[0m   [0mSHOW FIELDS FROM `bodies`[0m
  [4;36;1mTechnique Load (0.4ms)[0m   [0;1mSELECT * FROM `techniques` [0m
  [4;35;1mTechnique Columns (1.5ms)[0m   [0mSHOW FIELDS FROM `techniques`[0m
Rendered searches/_panel (100.1ms)
Rendered searches/_results (0.5ms)
  [4;36;1mUser Columns (3.7ms)[0m   [0;1mSHOW FIELDS FROM `users`[0m
Rendered layouts/_nav (25.0ms)
Rendered layouts/_flash_message (0.1ms)
Rendered layouts/_admin_nav (0.1ms)
Rendered layouts/_footer (0.4ms)
Completed in 132ms (View: 122, DB: 8) | 200 OK [http://localhost/searches]
  [4;35;1mSQL (0.2ms)[0m   [0mSET NAMES 'utf8'[0m
  [4;36;1mSQL (0.1ms)[0m   [0;1mSET SQL_AUTO_IS_NULL=0[0m


Processing SearchesController#index (for 127.0.0.1 at 2010-05-30 18:56:14) [GET]
  Parameters: {"body"=>"", "technique"=>""}
  [4;35;1mUser Columns (3.4ms)[0m   [0mSHOW FIELDS FROM `users`[0m
  [4;36;1mUser Load (0.4ms)[0m   [0;1mSELECT * FROM `users` [0m
Rendering template within layouts/application
Rendering searches/index
  [4;35;1mBody Load (0.3ms)[0m   [0mSELECT * FROM `bodies` [0m
  [4;36;1mBody Columns (3.2ms)[0m   [0;1mSHOW FIELDS FROM `bodies`[0m
  [4;35;1mTechnique Load (0.3ms)[0m   [0mSELECT * FROM `techniques` [0m
  [4;36;1mTechnique Columns (1.4ms)[0m   [0;1mSHOW FIELDS FROM `techniques`[0m
Rendered searches/_panel (21.8ms)
Rendered searches/_results (108.1ms)
Rendered layouts/_nav (4.5ms)
Rendered layouts/_flash_message (0.2ms)
Rendered layouts/_admin_nav (0.1ms)
Rendered layouts/_footer (0.4ms)
Completed in 162ms (View: 134, DB: 9) | 200 OK [http://localhost/searches?body=&technique=]
  [4;35;1mSQL (0.2ms)[0m   [0mSET NAMES 'utf8'[0m
  [4;36;1mSQL (0.1ms)[0m   [0;1mSET SQL_AUTO_IS_NULL=0[0m


Processing SearchesController#index (for 127.0.0.1 at 2010-05-30 18:56:16) [GET]
  Parameters: {"body"=>"", "technique"=>"5"}
  [4;35;1mTechnique Columns (2.2ms)[0m   [0mSHOW FIELDS FROM `techniques`[0m
  [4;36;1mTechnique Load (0.3ms)[0m   [0;1mSELECT * FROM `techniques` WHERE (`techniques`.`id` = 5) [0m
  [4;35;1mUser Columns (2.4ms)[0m   [0mSHOW FIELDS FROM `users`[0m
  [4;36;1mUser Load (0.4ms)[0m   [0;1mSELECT `users`.* FROM `users` INNER JOIN `qualifications` ON `users`.id = `qualifications`.user_id WHERE ((`qualifications`.technique_id = 5)) [0m
Rendering template within layouts/application
Rendering searches/index
  [4;35;1mBody Load (0.3ms)[0m   [0mSELECT * FROM `bodies` [0m
  [4;36;1mBody Columns (1.4ms)[0m   [0;1mSHOW FIELDS FROM `bodies`[0m
  [4;35;1mTechnique Load (0.2ms)[0m   [0mSELECT * FROM `techniques` [0m
Rendered searches/_panel (10.7ms)
Rendered searches/_results (0.3ms)
Rendered layouts/_nav (4.0ms)
Rendered layouts/_flash_message (0.6ms)
Rendered layouts/_admin_nav (0.1ms)
Rendered layouts/_footer (0.4ms)
Completed in 59ms (View: 19, DB: 8) | 200 OK [http://localhost/searches?body=&technique=5]
  [4;36;1mSQL (0.2ms)[0m   [0;1mSET NAMES 'utf8'[0m
  [4;35;1mSQL (0.1ms)[0m   [0mSET SQL_AUTO_IS_NULL=0[0m


Processing SearchesController#index (for 127.0.0.1 at 2010-05-30 18:56:27) [GET]
  Parameters: {"body"=>"", "technique"=>"5"}
  [4;36;1mBody Columns (2.0ms)[0m   [0;1mSHOW FIELDS FROM `bodies`[0m
  [4;35;1mBody Load (0.3ms)[0m   [0mSELECT * FROM `bodies` WHERE (`bodies`.`id` = 0) [0m

ActiveRecord::RecordNotFound (Couldn't find Body with ID=0):
  app/models/search.rb:10:in `find'
  app/controllers/searches_controller.rb:7:in `index'
  haml (2.2.20) lib/sass/plugin/rails.rb:20:in `process'
  /opt/local/lib/ruby/gems/1.8/gems/hoptoad_notifier-2.2.2/lib/hoptoad_notifier/rack.rb:27:in `call'

Rendered rescues/_trace (113.9ms)
Rendered rescues/_request_and_response (1.6ms)
Rendering rescues/layout (not_found)
  [4;36;1mSQL (0.1ms)[0m   [0;1mSET NAMES 'utf8'[0m
  [4;35;1mSQL (0.1ms)[0m   [0mSET SQL_AUTO_IS_NULL=0[0m


Processing SearchesController#index (for 127.0.0.1 at 2010-05-30 18:56:36) [GET]
Rendering template within layouts/application
Rendering searches/index
  [4;36;1mBody Load (0.4ms)[0m   [0;1mSELECT * FROM `bodies` [0m
  [4;35;1mBody Columns (38.7ms)[0m   [0mSHOW FIELDS FROM `bodies`[0m
  [4;36;1mTechnique Load (0.4ms)[0m   [0;1mSELECT * FROM `techniques` [0m
  [4;35;1mTechnique Columns (1.6ms)[0m   [0mSHOW FIELDS FROM `techniques`[0m
Rendered searches/_panel (59.6ms)
Rendered searches/_results (0.3ms)
  [4;36;1mUser Columns (3.8ms)[0m   [0;1mSHOW FIELDS FROM `users`[0m
Rendered layouts/_nav (19.9ms)
Rendered layouts/_flash_message (0.1ms)
Rendered layouts/_admin_nav (0.1ms)
Rendered layouts/_footer (0.4ms)
Completed in 86ms (View: 38, DB: 45) | 200 OK [http://localhost/searches]
  [4;35;1mSQL (0.1ms)[0m   [0mSET NAMES 'utf8'[0m
  [4;36;1mSQL (0.2ms)[0m   [0;1mSET SQL_AUTO_IS_NULL=0[0m


Processing SearchesController#index (for 127.0.0.1 at 2010-05-30 18:56:42) [GET]
  Parameters: {"body"=>"3", "technique"=>"5"}
  [4;35;1mBody Columns (38.5ms)[0m   [0mSHOW FIELDS FROM `bodies`[0m
  [4;36;1mBody Load (0.4ms)[0m   [0;1mSELECT * FROM `bodies` WHERE (`bodies`.`id` = 3) [0m
  [4;35;1mUser Columns (2.4ms)[0m   [0mSHOW FIELDS FROM `users`[0m
  [4;36;1mUser Load (0.4ms)[0m   [0;1mSELECT `users`.* FROM `users` INNER JOIN `qualifications` ON `users`.id = `qualifications`.user_id WHERE ((`qualifications`.body_id = 3)) [0m
  [4;35;1mTechnique Columns (1.5ms)[0m   [0mSHOW FIELDS FROM `techniques`[0m
  [4;36;1mTechnique Load (0.2ms)[0m   [0;1mSELECT * FROM `techniques` WHERE (`techniques`.`id` = 5) [0m
  [4;35;1mUser Load (0.3ms)[0m   [0mSELECT `users`.* FROM `users` INNER JOIN `qualifications` ON `users`.id = `qualifications`.user_id WHERE ((`qualifications`.technique_id = 5)) [0m
Rendering template within layouts/application
Rendering searches/index
  [4;36;1mBody Load (0.3ms)[0m   [0;1mSELECT * FROM `bodies` [0m
  [4;35;1mTechnique Load (0.3ms)[0m   [0mSELECT * FROM `techniques` [0m
Rendered searches/_panel (4.7ms)
Rendered searches/_results (0.3ms)
Rendered layouts/_nav (5.9ms)
Rendered layouts/_flash_message (0.1ms)
Rendered layouts/_admin_nav (0.1ms)
Rendered layouts/_footer (0.4ms)
Completed in 171ms (View: 14, DB: 45) | 200 OK [http://localhost/searches?body=3&technique=5]
  [4;36;1mSQL (0.2ms)[0m   [0;1mSET NAMES 'utf8'[0m
  [4;35;1mSQL (0.1ms)[0m   [0mSET SQL_AUTO_IS_NULL=0[0m


Processing SearchesController#index (for 127.0.0.1 at 2010-05-30 18:57:19) [GET]
  Parameters: {"body"=>"3", "technique"=>"5"}
  [4;36;1mBody Columns (2.3ms)[0m   [0;1mSHOW FIELDS FROM `bodies`[0m
  [4;35;1mBody Load (0.4ms)[0m   [0mSELECT * FROM `bodies` WHERE (`bodies`.`id` = 3) [0m
  [4;36;1mUser Columns (2.4ms)[0m   [0;1mSHOW FIELDS FROM `users`[0m
  [4;35;1mUser Load (0.4ms)[0m   [0mSELECT `users`.* FROM `users` INNER JOIN `qualifications` ON `users`.id = `qualifications`.user_id WHERE ((`qualifications`.body_id = 3)) [0m
  [4;36;1mTechnique Columns (1.2ms)[0m   [0;1mSHOW FIELDS FROM `techniques`[0m
  [4;35;1mTechnique Load (0.7ms)[0m   [0mSELECT * FROM `techniques` WHERE (`techniques`.`id` = 5) [0m
  [4;36;1mUser Load (0.3ms)[0m   [0;1mSELECT `users`.* FROM `users` INNER JOIN `qualifications` ON `users`.id = `qualifications`.user_id WHERE ((`qualifications`.technique_id = 5)) [0m
Rendering template within layouts/application
Rendering searches/index
  [4;35;1mBody Load (0.2ms)[0m   [0mSELECT * FROM `bodies` [0m
  [4;36;1mTechnique Load (0.2ms)[0m   [0;1mSELECT * FROM `techniques` [0m
Rendered searches/_panel (4.1ms)
Rendered searches/_results (0.2ms)
Rendered layouts/_nav (4.6ms)
Rendered layouts/_flash_message (0.1ms)
Rendered layouts/_admin_nav (0.1ms)
Rendered layouts/_footer (0.4ms)
Completed in 57ms (View: 12, DB: 8) | 200 OK [http://localhost/searches?body=3&technique=5]
  [4;35;1mSQL (0.1ms)[0m   [0mSET NAMES 'utf8'[0m
  [4;36;1mSQL (0.1ms)[0m   [0;1mSET SQL_AUTO_IS_NULL=0[0m


Processing SearchesController#index (for 127.0.0.1 at 2010-05-30 18:57:21) [GET]
  Parameters: {"body"=>"3", "technique"=>""}
  [4;35;1mBody Columns (2.1ms)[0m   [0mSHOW FIELDS FROM `bodies`[0m
  [4;36;1mBody Load (0.3ms)[0m   [0;1mSELECT * FROM `bodies` WHERE (`bodies`.`id` = 3) [0m
  [4;35;1mUser Columns (5.1ms)[0m   [0mSHOW FIELDS FROM `users`[0m
  [4;36;1mUser Load (0.5ms)[0m   [0;1mSELECT `users`.* FROM `users` INNER JOIN `qualifications` ON `users`.id = `qualifications`.user_id WHERE ((`qualifications`.body_id = 3)) [0m
  [4;35;1mTechnique Columns (1.7ms)[0m   [0mSHOW FIELDS FROM `techniques`[0m
  [4;36;1mTechnique Load (0.2ms)[0m   [0;1mSELECT * FROM `techniques` WHERE (`techniques`.`id` = 0) [0m

ActiveRecord::RecordNotFound (Couldn't find Technique with ID=0):
  app/models/search.rb:17:in `find'
  app/controllers/searches_controller.rb:7:in `index'
  haml (2.2.20) lib/sass/plugin/rails.rb:20:in `process'
  /opt/local/lib/ruby/gems/1.8/gems/hoptoad_notifier-2.2.2/lib/hoptoad_notifier/rack.rb:27:in `call'

Rendered rescues/_trace (36.8ms)
Rendered rescues/_request_and_response (0.3ms)
Rendering rescues/layout (not_found)
  [4;35;1mSQL (0.2ms)[0m   [0mSET NAMES 'utf8'[0m
  [4;36;1mSQL (0.1ms)[0m   [0;1mSET SQL_AUTO_IS_NULL=0[0m


Processing SearchesController#index (for 127.0.0.1 at 2010-05-30 18:57:41) [GET]
  Parameters: {"body"=>"3", "technique"=>""}
  [4;35;1mBody Columns (2.0ms)[0m   [0mSHOW FIELDS FROM `bodies`[0m
  [4;36;1mBody Load (0.4ms)[0m   [0;1mSELECT * FROM `bodies` WHERE (`bodies`.`id` = 3) [0m
  [4;35;1mUser Columns (4.2ms)[0m   [0mSHOW FIELDS FROM `users`[0m
  [4;36;1mUser Load (0.4ms)[0m   [0;1mSELECT `users`.* FROM `users` INNER JOIN `qualifications` ON `users`.id = `qualifications`.user_id WHERE ((`qualifications`.body_id = 3)) [0m
Rendering template within layouts/application
Rendering searches/index
  [4;35;1mBody Load (0.2ms)[0m   [0mSELECT * FROM `bodies` [0m
  [4;36;1mTechnique Load (0.3ms)[0m   [0;1mSELECT * FROM `techniques` [0m
  [4;35;1mTechnique Columns (1.5ms)[0m   [0mSHOW FIELDS FROM `techniques`[0m
Rendered searches/_panel (10.9ms)
Rendered searches/_results (0.2ms)
Rendered layouts/_nav (4.0ms)
Rendered layouts/_flash_message (0.1ms)
Rendered layouts/_admin_nav (0.1ms)
Rendered layouts/_footer (0.3ms)
Completed in 55ms (View: 17, DB: 9) | 200 OK [http://localhost/searches?body=3&technique=]
  [4;36;1mSQL (0.1ms)[0m   [0;1mSET NAMES 'utf8'[0m
  [4;35;1mSQL (0.1ms)[0m   [0mSET SQL_AUTO_IS_NULL=0[0m


Processing SearchesController#index (for 127.0.0.1 at 2010-05-30 18:57:44) [GET]
  Parameters: {"body"=>"3", "technique"=>""}
  [4;36;1mBody Columns (2.0ms)[0m   [0;1mSHOW FIELDS FROM `bodies`[0m
  [4;35;1mBody Load (0.3ms)[0m   [0mSELECT * FROM `bodies` WHERE (`bodies`.`id` = 3) [0m
  [4;36;1mUser Columns (2.2ms)[0m   [0;1mSHOW FIELDS FROM `users`[0m
  [4;35;1mUser Load (0.5ms)[0m   [0mSELECT `users`.* FROM `users` INNER JOIN `qualifications` ON `users`.id = `qualifications`.user_id WHERE ((`qualifications`.body_id = 3)) [0m
Rendering template within layouts/application
Rendering searches/index
  [4;36;1mBody Load (0.2ms)[0m   [0;1mSELECT * FROM `bodies` [0m
  [4;35;1mTechnique Load (0.3ms)[0m   [0mSELECT * FROM `techniques` [0m
  [4;36;1mTechnique Columns (1.9ms)[0m   [0;1mSHOW FIELDS FROM `techniques`[0m
Rendered searches/_panel (12.9ms)
Rendered searches/_results (0.4ms)
Rendered layouts/_nav (6.7ms)
Rendered layouts/_flash_message (0.2ms)
Rendered layouts/_admin_nav (0.1ms)
Rendered layouts/_footer (0.5ms)
Completed in 58ms (View: 22, DB: 8) | 200 OK [http://localhost/searches?body=3&technique=]
  [4;35;1mSQL (3.3ms)[0m   [0mSET NAMES 'utf8'[0m
  [4;36;1mSQL (0.1ms)[0m   [0;1mSET SQL_AUTO_IS_NULL=0[0m


Processing SearchesController#index (for 127.0.0.1 at 2010-05-30 18:57:48) [GET]
  Parameters: {"body"=>"", "technique"=>""}
  [4;35;1mUser Columns (2.8ms)[0m   [0mSHOW FIELDS FROM `users`[0m
  [4;36;1mUser Load (0.3ms)[0m   [0;1mSELECT * FROM `users` [0m
Rendering template within layouts/application
Rendering searches/index
  [4;35;1mBody Load (0.6ms)[0m   [0mSELECT * FROM `bodies` [0m
  [4;36;1mBody Columns (1.2ms)[0m   [0;1mSHOW FIELDS FROM `bodies`[0m
  [4;35;1mTechnique Load (0.3ms)[0m   [0mSELECT * FROM `techniques` [0m
  [4;36;1mTechnique Columns (1.4ms)[0m   [0;1mSHOW FIELDS FROM `techniques`[0m
Rendered searches/_panel (19.3ms)
Rendered searches/_results (91.4ms)
Rendered layouts/_nav (4.3ms)
Rendered layouts/_flash_message (0.1ms)
Rendered layouts/_admin_nav (0.1ms)
Rendered layouts/_footer (0.4ms)
Completed in 138ms (View: 116, DB: 10) | 200 OK [http://localhost/searches?body=&technique=]
  [4;35;1mSQL (0.2ms)[0m   [0mSET NAMES 'utf8'[0m
  [4;36;1mSQL (0.1ms)[0m   [0;1mSET SQL_AUTO_IS_NULL=0[0m


Processing SearchesController#index (for 127.0.0.1 at 2010-05-30 18:57:56) [GET]
  Parameters: {"body"=>"", "technique"=>"6"}
  [4;35;1mTechnique Columns (1.9ms)[0m   [0mSHOW FIELDS FROM `techniques`[0m
  [4;36;1mTechnique Load (0.3ms)[0m   [0;1mSELECT * FROM `techniques` WHERE (`techniques`.`id` = 6) [0m
  [4;35;1mUser Columns (2.5ms)[0m   [0mSHOW FIELDS FROM `users`[0m
  [4;36;1mUser Load (0.8ms)[0m   [0;1mSELECT `users`.* FROM `users` INNER JOIN `qualifications` ON `users`.id = `qualifications`.user_id WHERE ((`qualifications`.technique_id = 6)) [0m
Rendering template within layouts/application
Rendering searches/index
  [4;35;1mBody Load (0.3ms)[0m   [0mSELECT * FROM `bodies` [0m
  [4;36;1mBody Columns (1.4ms)[0m   [0;1mSHOW FIELDS FROM `bodies`[0m
  [4;35;1mTechnique Load (0.2ms)[0m   [0mSELECT * FROM `techniques` [0m
Rendered searches/_panel (10.5ms)
Rendered searches/_results (0.3ms)
Rendered layouts/_nav (4.0ms)
Rendered layouts/_flash_message (0.3ms)
Rendered layouts/_admin_nav (0.1ms)
Rendered layouts/_footer (0.4ms)
Completed in 51ms (View: 17, DB: 8) | 200 OK [http://localhost/searches?body=&technique=6]
  [4;36;1mSQL (0.1ms)[0m   [0;1mSET NAMES 'utf8'[0m
  [4;35;1mSQL (0.1ms)[0m   [0mSET SQL_AUTO_IS_NULL=0[0m


Processing SearchesController#index (for 127.0.0.1 at 2010-05-30 18:58:00) [GET]
  Parameters: {"body"=>"3", "technique"=>"6"}
  [4;36;1mBody Columns (2.0ms)[0m   [0;1mSHOW FIELDS FROM `bodies`[0m
  [4;35;1mBody Load (0.9ms)[0m   [0mSELECT * FROM `bodies` WHERE (`bodies`.`id` = 3) [0m
  [4;36;1mUser Columns (3.5ms)[0m   [0;1mSHOW FIELDS FROM `users`[0m
  [4;35;1mUser Load (0.5ms)[0m   [0mSELECT `users`.* FROM `users` INNER JOIN `qualifications` ON `users`.id = `qualifications`.user_id WHERE ((`qualifications`.body_id = 3)) [0m
  [4;36;1mTechnique Columns (1.4ms)[0m   [0;1mSHOW FIELDS FROM `techniques`[0m
  [4;35;1mTechnique Load (0.2ms)[0m   [0mSELECT * FROM `techniques` WHERE (`techniques`.`id` = 6) [0m
  [4;36;1mUser Load (0.3ms)[0m   [0;1mSELECT `users`.* FROM `users` INNER JOIN `qualifications` ON `users`.id = `qualifications`.user_id WHERE ((`qualifications`.technique_id = 6)) [0m
Rendering template within layouts/application
Rendering searches/index
  [4;35;1mBody Load (0.2ms)[0m   [0mSELECT * FROM `bodies` [0m
  [4;36;1mTechnique Load (0.2ms)[0m   [0;1mSELECT * FROM `techniques` [0m
Rendered searches/_panel (4.5ms)
Rendered searches/_results (0.3ms)
Rendered layouts/_nav (4.6ms)
Rendered layouts/_flash_message (0.1ms)
Rendered layouts/_admin_nav (0.1ms)
Rendered layouts/_footer (0.4ms)
Completed in 140ms (View: 13, DB: 9) | 200 OK [http://localhost/searches?body=3&technique=6]
  [4;35;1mSQL (0.2ms)[0m   [0mSET NAMES 'utf8'[0m
  [4;36;1mSQL (0.1ms)[0m   [0;1mSET SQL_AUTO_IS_NULL=0[0m


Processing SearchesController#index (for 127.0.0.1 at 2010-05-30 18:58:03) [GET]
  Parameters: {"body"=>"3", "technique"=>""}
  [4;35;1mBody Columns (2.0ms)[0m   [0mSHOW FIELDS FROM `bodies`[0m
  [4;36;1mBody Load (0.3ms)[0m   [0;1mSELECT * FROM `bodies` WHERE (`bodies`.`id` = 3) [0m
  [4;35;1mUser Columns (2.5ms)[0m   [0mSHOW FIELDS FROM `users`[0m
  [4;36;1mUser Load (0.8ms)[0m   [0;1mSELECT `users`.* FROM `users` INNER JOIN `qualifications` ON `users`.id = `qualifications`.user_id WHERE ((`qualifications`.body_id = 3)) [0m
Rendering template within layouts/application
Rendering searches/index
  [4;35;1mBody Load (0.2ms)[0m   [0mSELECT * FROM `bodies` [0m
  [4;36;1mTechnique Load (0.3ms)[0m   [0;1mSELECT * FROM `techniques` [0m
  [4;35;1mTechnique Columns (1.1ms)[0m   [0mSHOW FIELDS FROM `techniques`[0m
Rendered searches/_panel (10.3ms)
Rendered searches/_results (0.3ms)
Rendered layouts/_nav (4.0ms)
Rendered layouts/_flash_message (0.1ms)
Rendered layouts/_admin_nav (0.1ms)
Rendered layouts/_footer (0.4ms)
Completed in 50ms (View: 16, DB: 7) | 200 OK [http://localhost/searches?body=3&technique=]
  [4;36;1mSQL (0.2ms)[0m   [0;1mSET NAMES 'utf8'[0m
  [4;35;1mSQL (0.1ms)[0m   [0mSET SQL_AUTO_IS_NULL=0[0m


Processing SearchesController#index (for 127.0.0.1 at 2010-05-30 18:58:07) [GET]
  Parameters: {"body"=>"1", "technique"=>""}
  [4;36;1mBody Columns (2.1ms)[0m   [0;1mSHOW FIELDS FROM `bodies`[0m
  [4;35;1mBody Load (0.3ms)[0m   [0mSELECT * FROM `bodies` WHERE (`bodies`.`id` = 1) [0m
  [4;36;1mUser Columns (2.4ms)[0m   [0;1mSHOW FIELDS FROM `users`[0m
  [4;35;1mUser Load (0.6ms)[0m   [0mSELECT `users`.* FROM `users` INNER JOIN `qualifications` ON `users`.id = `qualifications`.user_id WHERE ((`qualifications`.body_id = 1)) [0m
Rendering template within layouts/application
Rendering searches/index
  [4;36;1mBody Load (0.4ms)[0m   [0;1mSELECT * FROM `bodies` [0m
  [4;35;1mTechnique Load (0.3ms)[0m   [0mSELECT * FROM `techniques` [0m
  [4;36;1mTechnique Columns (1.9ms)[0m   [0;1mSHOW FIELDS FROM `techniques`[0m
Rendered searches/_panel (13.8ms)
Rendered searches/_results (52.2ms)
Rendered layouts/_nav (4.4ms)
Rendered layouts/_flash_message (0.1ms)
Rendered layouts/_admin_nav (0.1ms)
Rendered layouts/_footer (0.5ms)
Completed in 187ms (View: 146, DB: 8) | 200 OK [http://localhost/searches?body=1&technique=]
  [4;35;1mSQL (0.1ms)[0m   [0mSET NAMES 'utf8'[0m
  [4;36;1mSQL (0.1ms)[0m   [0;1mSET SQL_AUTO_IS_NULL=0[0m


Processing SearchesController#index (for 127.0.0.1 at 2010-05-30 18:59:04) [GET]
  Parameters: {"body"=>"1", "technique"=>""}
  [4;35;1mBody Columns (2.0ms)[0m   [0mSHOW FIELDS FROM `bodies`[0m
  [4;36;1mBody Load (0.3ms)[0m   [0;1mSELECT * FROM `bodies` WHERE (`bodies`.`id` = 1) [0m
  [4;35;1mUser Columns (3.8ms)[0m   [0mSHOW FIELDS FROM `users`[0m
  [4;36;1mUser Load (0.7ms)[0m   [0;1mSELECT `users`.* FROM `users` INNER JOIN `qualifications` ON `users`.id = `qualifications`.user_id WHERE ((`qualifications`.body_id = 1)) [0m
Rendering template within layouts/application
Rendering searches/index
  [4;35;1mBody Load (0.3ms)[0m   [0mSELECT * FROM `bodies` [0m
  [4;36;1mTechnique Load (0.3ms)[0m   [0;1mSELECT * FROM `techniques` [0m
  [4;35;1mTechnique Columns (1.1ms)[0m   [0mSHOW FIELDS FROM `techniques`[0m
Rendered searches/_panel (11.6ms)
Rendered searches/_results (9.4ms)
Rendered layouts/_nav (6.3ms)
Rendered layouts/_flash_message (0.1ms)
Rendered layouts/_admin_nav (0.1ms)
Rendered layouts/_footer (0.4ms)
Completed in 76ms (View: 30, DB: 9) | 200 OK [http://localhost/searches?body=1&technique=]
